[2020-11-30 20:41:43,703] [INFO] autoreload : Watching for file changes with StatReloader
[2020-11-30 20:41:43,703] [INFO] autoreload : Watching for file changes with StatReloader
[2020-11-30 20:42:11,240] [INFO] autoreload : D:\Django项目\guest\sign\models.py changed, reloading.
[2020-11-30 20:42:11,240] [INFO] autoreload : D:\Django项目\guest\sign\models.py changed, reloading.
[2020-11-30 20:42:11,818] [INFO] autoreload : Watching for file changes with StatReloader
[2020-11-30 20:42:11,818] [INFO] autoreload : Watching for file changes with StatReloader
[2020-11-30 20:42:21,771] [INFO] autoreload : D:\Django项目\guest\sign\models.py changed, reloading.
[2020-11-30 20:42:21,771] [INFO] autoreload : D:\Django项目\guest\sign\models.py changed, reloading.
[2020-11-30 20:42:22,461] [INFO] autoreload : Watching for file changes with StatReloader
[2020-11-30 20:42:22,461] [INFO] autoreload : Watching for file changes with StatReloader
[2020-11-30 20:42:52,130] [INFO] autoreload : D:\Django项目\guest\sign\models.py changed, reloading.
[2020-11-30 20:42:52,130] [INFO] autoreload : D:\Django项目\guest\sign\models.py changed, reloading.
[2020-11-30 20:42:52,771] [INFO] autoreload : Watching for file changes with StatReloader
[2020-11-30 20:42:52,771] [INFO] autoreload : Watching for file changes with StatReloader
[2020-11-30 20:43:37,003] [INFO] autoreload : D:\Django项目\guest\sign\models.py changed, reloading.
[2020-11-30 20:43:37,003] [INFO] autoreload : D:\Django项目\guest\sign\models.py changed, reloading.
[2020-11-30 20:43:37,804] [INFO] autoreload : Watching for file changes with StatReloader
[2020-11-30 20:43:37,804] [INFO] autoreload : Watching for file changes with StatReloader
[2020-11-30 20:44:09,467] [INFO] autoreload : D:\Django项目\guest\sign\models.py changed, reloading.
[2020-11-30 20:44:09,467] [INFO] autoreload : D:\Django项目\guest\sign\models.py changed, reloading.
[2020-11-30 20:44:10,123] [INFO] autoreload : Watching for file changes with StatReloader
[2020-11-30 20:44:10,123] [INFO] autoreload : Watching for file changes with StatReloader
[2020-11-30 20:45:40,919] [INFO] autoreload : D:\Django项目\guest\sign\urls.py changed, reloading.
[2020-11-30 20:45:40,919] [INFO] autoreload : D:\Django项目\guest\sign\urls.py changed, reloading.
[2020-11-30 20:45:41,517] [INFO] autoreload : Watching for file changes with StatReloader
[2020-11-30 20:45:41,517] [INFO] autoreload : Watching for file changes with StatReloader
[2020-11-30 20:46:45,876] [INFO] autoreload : D:\Django项目\guest\sign\urls.py changed, reloading.
[2020-11-30 20:46:45,876] [INFO] autoreload : D:\Django项目\guest\sign\urls.py changed, reloading.
[2020-11-30 20:46:46,472] [INFO] autoreload : Watching for file changes with StatReloader
[2020-11-30 20:46:46,472] [INFO] autoreload : Watching for file changes with StatReloader
[2020-11-30 20:48:35,371] [INFO] autoreload : Watching for file changes with StatReloader
[2020-11-30 20:48:35,371] [INFO] autoreload : Watching for file changes with StatReloader
[2020-11-30 20:54:39,525] [INFO] basehttp : "GET / HTTP/1.1" 200 1471
[2020-11-30 20:54:39,525] [INFO] basehttp : "GET / HTTP/1.1" 200 1471
[2020-11-30 20:54:41,890] [WARNING] basehttp : "GET /favicon.ico HTTP/1.1" 404 3410
[2020-11-30 20:54:41,890] [WARNING] basehttp : "GET /favicon.ico HTTP/1.1" 404 3410
[2020-11-30 20:55:55,298] [INFO] basehttp : "POST /login_action/ HTTP/1.1" 302 0
[2020-11-30 20:55:55,298] [INFO] basehttp : "POST /login_action/ HTTP/1.1" 302 0
[2020-11-30 20:55:55,314] [INFO] basehttp : "GET /event_manage/ HTTP/1.1" 200 3952
[2020-11-30 20:55:55,314] [INFO] basehttp : "GET /event_manage/ HTTP/1.1" 200 3952
[2020-11-30 22:51:29,199] [INFO] autoreload : D:\Django项目\guest\guest\urls.py changed, reloading.
[2020-11-30 22:51:29,199] [INFO] autoreload : D:\Django项目\guest\guest\urls.py changed, reloading.
[2020-11-30 22:51:29,783] [INFO] autoreload : Watching for file changes with StatReloader
[2020-11-30 22:51:29,783] [INFO] autoreload : Watching for file changes with StatReloader
[2020-11-30 22:51:35,940] [INFO] basehttp : "GET /event_manage/ HTTP/1.1" 200 3952
[2020-11-30 22:51:35,940] [INFO] basehttp : "GET /event_manage/ HTTP/1.1" 200 3952
[2020-11-30 23:08:53,262] [INFO] autoreload : E:\pyhton39-32\Lib\site-packages\django\__init__.py changed, reloading.
[2020-11-30 23:08:53,262] [INFO] autoreload : E:\pyhton39-32\Lib\site-packages\django\__init__.py changed, reloading.
[2020-11-30 23:22:32,033] [INFO] autoreload : Watching for file changes with StatReloader
[2020-11-30 23:22:32,033] [INFO] autoreload : Watching for file changes with StatReloader
[2020-11-30 23:23:12,114] [INFO] basehttp : "GET / HTTP/1.1" 200 1471
[2020-11-30 23:23:12,114] [INFO] basehttp : "GET / HTTP/1.1" 200 1471
[2020-11-30 23:23:23,584] [INFO] basehttp : "POST /login_action/ HTTP/1.1" 200 1498
[2020-11-30 23:23:23,584] [INFO] basehttp : "POST /login_action/ HTTP/1.1" 200 1498
[2020-11-30 23:23:32,624] [INFO] basehttp : "POST /login_action/ HTTP/1.1" 302 0
[2020-11-30 23:23:32,624] [INFO] basehttp : "POST /login_action/ HTTP/1.1" 302 0
[2020-11-30 23:23:32,636] [INFO] basehttp : "GET /event_manage/ HTTP/1.1" 200 3952
[2020-11-30 23:23:32,636] [INFO] basehttp : "GET /event_manage/ HTTP/1.1" 200 3952
[2020-12-03 15:44:03,861] [INFO] autoreload : Watching for file changes with StatReloader
[2020-12-03 15:44:03,861] [INFO] autoreload : Watching for file changes with StatReloader
[2020-12-03 15:45:08,594] [INFO] basehttp : "GET / HTTP/1.1" 200 1471
[2020-12-03 15:45:08,594] [INFO] basehttp : "GET / HTTP/1.1" 200 1471
[2020-12-03 15:45:20,166] [INFO] basehttp : "POST /login_action/ HTTP/1.1" 302 0
[2020-12-03 15:45:20,166] [INFO] basehttp : "POST /login_action/ HTTP/1.1" 302 0
[2020-12-03 15:45:20,199] [INFO] basehttp : "GET /event_manage/ HTTP/1.1" 200 3952
[2020-12-03 15:45:20,199] [INFO] basehttp : "GET /event_manage/ HTTP/1.1" 200 3952
[2020-12-03 15:45:22,923] [INFO] basehttp : "GET /sign_index/1/ HTTP/1.1" 200 2782
[2020-12-03 15:45:22,923] [INFO] basehttp : "GET /sign_index/1/ HTTP/1.1" 200 2782
[2020-12-03 15:45:28,101] [INFO] basehttp : "GET /sign_index2/1/ HTTP/1.1" 200 1531
[2020-12-03 15:45:28,101] [INFO] basehttp : "GET /sign_index2/1/ HTTP/1.1" 200 1531
[2020-12-03 15:45:28,180] [WARNING] basehttp : "GET /static/css/draw_results.css HTTP/1.1" 404 1686
[2020-12-03 15:45:28,180] [WARNING] basehttp : "GET /static/js/jquery-1.10.2.min.js HTTP/1.1" 404 1695
[2020-12-03 15:45:28,181] [WARNING] basehttp : "GET /static/js/conference_sign.js HTTP/1.1" 404 1689
[2020-12-03 15:45:28,180] [WARNING] basehttp : "GET /static/css/draw_results.css HTTP/1.1" 404 1686
[2020-12-03 15:45:28,180] [WARNING] basehttp : "GET /static/js/jquery-1.10.2.min.js HTTP/1.1" 404 1695
[2020-12-03 15:45:28,181] [WARNING] basehttp : "GET /static/js/conference_sign.js HTTP/1.1" 404 1689
[2020-12-03 15:45:28,191] [WARNING] basehttp : "GET /static/js/jquery-1.10.2.min.js HTTP/1.1" 404 1695
[2020-12-03 15:45:28,191] [WARNING] basehttp : "GET /static/js/jquery-1.10.2.min.js HTTP/1.1" 404 1695
[2020-12-03 15:45:28,201] [WARNING] basehttp : "GET /static/js/conference_sign.js HTTP/1.1" 404 1689
[2020-12-03 15:45:28,201] [WARNING] basehttp : "GET /static/js/conference_sign.js HTTP/1.1" 404 1689
[2020-12-03 15:45:28,212] [WARNING] basehttp : "GET /static/image/favicon.ico HTTP/1.1" 404 1677
[2020-12-03 15:45:28,212] [WARNING] basehttp : "GET /static/image/favicon.ico HTTP/1.1" 404 1677
[2020-12-03 15:56:54,964] [ERROR] exception : Internal Server Error: /sign_index/1/
Traceback (most recent call last):
  File "E:\pyhton39-32\lib\site-packages\django\contrib\sessions\backends\base.py", line 202, in _get_session
    return self._session_cache
AttributeError: 'SessionStore' object has no attribute '_session_cache'

During handling of the above exception, another exception occurred:

Traceback (most recent call last):
  File "E:\pyhton39-32\lib\site-packages\django\core\handlers\exception.py", line 41, in inner
    response = get_response(request)
  File "E:\pyhton39-32\lib\site-packages\django\core\handlers\base.py", line 187, in _get_response
    response = self.process_exception_by_middleware(e, request)
  File "E:\pyhton39-32\lib\site-packages\django\core\handlers\base.py", line 185, in _get_response
    response = wrapped_callback(request, *callback_args, **callback_kwargs)
  File "E:\pyhton39-32\lib\site-packages\django\contrib\auth\decorators.py", line 22, in _wrapped_view
    if test_func(request.user):
  File "E:\pyhton39-32\lib\site-packages\django\contrib\auth\decorators.py", line 46, in <lambda>
    lambda u: u.is_authenticated,
  File "E:\pyhton39-32\lib\site-packages\django\utils\functional.py", line 238, in inner
    self._setup()
  File "E:\pyhton39-32\lib\site-packages\django\utils\functional.py", line 386, in _setup
    self._wrapped = self._setupfunc()
  File "E:\pyhton39-32\lib\site-packages\django\contrib\auth\middleware.py", line 24, in <lambda>
    request.user = SimpleLazyObject(lambda: get_user(request))
  File "E:\pyhton39-32\lib\site-packages\django\contrib\auth\middleware.py", line 12, in get_user
    request._cached_user = auth.get_user(request)
  File "E:\pyhton39-32\lib\site-packages\django\contrib\auth\__init__.py", line 211, in get_user
    user_id = _get_user_session_key(request)
  File "E:\pyhton39-32\lib\site-packages\django\contrib\auth\__init__.py", line 61, in _get_user_session_key
    return get_user_model()._meta.pk.to_python(request.session[SESSION_KEY])
  File "E:\pyhton39-32\lib\site-packages\django\contrib\sessions\backends\base.py", line 57, in __getitem__
    return self._session[key]
  File "E:\pyhton39-32\lib\site-packages\django\contrib\sessions\backends\base.py", line 207, in _get_session
    self._session_cache = self.load()
  File "E:\pyhton39-32\lib\site-packages\django\contrib\sessions\backends\db.py", line 37, in load
    return self.decode(s.session_data)
  File "E:\pyhton39-32\lib\site-packages\django\contrib\sessions\backends\base.py", line 103, in decode
    encoded_data = base64.b64decode(force_bytes(session_data))
  File "E:\pyhton39-32\lib\base64.py", line 87, in b64decode
    return binascii.a2b_base64(s)
binascii.Error: Incorrect padding
[2020-12-03 15:56:54,964] [ERROR] exception : Internal Server Error: /sign_index/1/
Traceback (most recent call last):
  File "E:\pyhton39-32\lib\site-packages\django\contrib\sessions\backends\base.py", line 202, in _get_session
    return self._session_cache
AttributeError: 'SessionStore' object has no attribute '_session_cache'

During handling of the above exception, another exception occurred:

Traceback (most recent call last):
  File "E:\pyhton39-32\lib\site-packages\django\core\handlers\exception.py", line 41, in inner
    response = get_response(request)
  File "E:\pyhton39-32\lib\site-packages\django\core\handlers\base.py", line 187, in _get_response
    response = self.process_exception_by_middleware(e, request)
  File "E:\pyhton39-32\lib\site-packages\django\core\handlers\base.py", line 185, in _get_response
    response = wrapped_callback(request, *callback_args, **callback_kwargs)
  File "E:\pyhton39-32\lib\site-packages\django\contrib\auth\decorators.py", line 22, in _wrapped_view
    if test_func(request.user):
  File "E:\pyhton39-32\lib\site-packages\django\contrib\auth\decorators.py", line 46, in <lambda>
    lambda u: u.is_authenticated,
  File "E:\pyhton39-32\lib\site-packages\django\utils\functional.py", line 238, in inner
    self._setup()
  File "E:\pyhton39-32\lib\site-packages\django\utils\functional.py", line 386, in _setup
    self._wrapped = self._setupfunc()
  File "E:\pyhton39-32\lib\site-packages\django\contrib\auth\middleware.py", line 24, in <lambda>
    request.user = SimpleLazyObject(lambda: get_user(request))
  File "E:\pyhton39-32\lib\site-packages\django\contrib\auth\middleware.py", line 12, in get_user
    request._cached_user = auth.get_user(request)
  File "E:\pyhton39-32\lib\site-packages\django\contrib\auth\__init__.py", line 211, in get_user
    user_id = _get_user_session_key(request)
  File "E:\pyhton39-32\lib\site-packages\django\contrib\auth\__init__.py", line 61, in _get_user_session_key
    return get_user_model()._meta.pk.to_python(request.session[SESSION_KEY])
  File "E:\pyhton39-32\lib\site-packages\django\contrib\sessions\backends\base.py", line 57, in __getitem__
    return self._session[key]
  File "E:\pyhton39-32\lib\site-packages\django\contrib\sessions\backends\base.py", line 207, in _get_session
    self._session_cache = self.load()
  File "E:\pyhton39-32\lib\site-packages\django\contrib\sessions\backends\db.py", line 37, in load
    return self.decode(s.session_data)
  File "E:\pyhton39-32\lib\site-packages\django\contrib\sessions\backends\base.py", line 103, in decode
    encoded_data = base64.b64decode(force_bytes(session_data))
  File "E:\pyhton39-32\lib\base64.py", line 87, in b64decode
    return binascii.a2b_base64(s)
binascii.Error: Incorrect padding
[2020-12-03 15:56:55,034] [ERROR] basehttp : "GET /sign_index/1/ HTTP/1.1" 500 116045
[2020-12-03 15:56:55,034] [ERROR] basehttp : "GET /sign_index/1/ HTTP/1.1" 500 116045
[2020-12-03 15:57:06,501] [INFO] basehttp : "GET / HTTP/1.1" 200 1471
[2020-12-03 15:57:06,501] [INFO] basehttp : "GET / HTTP/1.1" 200 1471
[2020-12-03 15:57:12,883] [INFO] basehttp : "POST /login_action/ HTTP/1.1" 200 1498
[2020-12-03 15:57:12,883] [INFO] basehttp : "POST /login_action/ HTTP/1.1" 200 1498
[2020-12-03 15:57:19,529] [ERROR] exception : Internal Server Error: /login_action/
Traceback (most recent call last):
  File "E:\pyhton39-32\lib\site-packages\django\contrib\sessions\backends\base.py", line 202, in _get_session
    return self._session_cache
AttributeError: 'SessionStore' object has no attribute '_session_cache'

During handling of the above exception, another exception occurred:

Traceback (most recent call last):
  File "E:\pyhton39-32\lib\site-packages\django\core\handlers\exception.py", line 41, in inner
    response = get_response(request)
  File "E:\pyhton39-32\lib\site-packages\django\core\handlers\base.py", line 187, in _get_response
    response = self.process_exception_by_middleware(e, request)
  File "E:\pyhton39-32\lib\site-packages\django\core\handlers\base.py", line 185, in _get_response
    response = wrapped_callback(request, *callback_args, **callback_kwargs)
  File "D:\Django项目\guest\sign\views.py", line 31, in login_action
    auth.login(request, user) # 验证登录
  File "E:\pyhton39-32\lib\site-packages\django\contrib\auth\__init__.py", line 131, in login
    if SESSION_KEY in request.session:
  File "E:\pyhton39-32\lib\site-packages\django\contrib\sessions\backends\base.py", line 54, in __contains__
    return key in self._session
  File "E:\pyhton39-32\lib\site-packages\django\contrib\sessions\backends\base.py", line 207, in _get_session
    self._session_cache = self.load()
  File "E:\pyhton39-32\lib\site-packages\django\contrib\sessions\backends\db.py", line 37, in load
    return self.decode(s.session_data)
  File "E:\pyhton39-32\lib\site-packages\django\contrib\sessions\backends\base.py", line 103, in decode
    encoded_data = base64.b64decode(force_bytes(session_data))
  File "E:\pyhton39-32\lib\base64.py", line 87, in b64decode
    return binascii.a2b_base64(s)
binascii.Error: Incorrect padding
[2020-12-03 15:57:19,529] [ERROR] exception : Internal Server Error: /login_action/
Traceback (most recent call last):
  File "E:\pyhton39-32\lib\site-packages\django\contrib\sessions\backends\base.py", line 202, in _get_session
    return self._session_cache
AttributeError: 'SessionStore' object has no attribute '_session_cache'

During handling of the above exception, another exception occurred:

Traceback (most recent call last):
  File "E:\pyhton39-32\lib\site-packages\django\core\handlers\exception.py", line 41, in inner
    response = get_response(request)
  File "E:\pyhton39-32\lib\site-packages\django\core\handlers\base.py", line 187, in _get_response
    response = self.process_exception_by_middleware(e, request)
  File "E:\pyhton39-32\lib\site-packages\django\core\handlers\base.py", line 185, in _get_response
    response = wrapped_callback(request, *callback_args, **callback_kwargs)
  File "D:\Django项目\guest\sign\views.py", line 31, in login_action
    auth.login(request, user) # 验证登录
  File "E:\pyhton39-32\lib\site-packages\django\contrib\auth\__init__.py", line 131, in login
    if SESSION_KEY in request.session:
  File "E:\pyhton39-32\lib\site-packages\django\contrib\sessions\backends\base.py", line 54, in __contains__
    return key in self._session
  File "E:\pyhton39-32\lib\site-packages\django\contrib\sessions\backends\base.py", line 207, in _get_session
    self._session_cache = self.load()
  File "E:\pyhton39-32\lib\site-packages\django\contrib\sessions\backends\db.py", line 37, in load
    return self.decode(s.session_data)
  File "E:\pyhton39-32\lib\site-packages\django\contrib\sessions\backends\base.py", line 103, in decode
    encoded_data = base64.b64decode(force_bytes(session_data))
  File "E:\pyhton39-32\lib\base64.py", line 87, in b64decode
    return binascii.a2b_base64(s)
binascii.Error: Incorrect padding
[2020-12-03 15:57:19,577] [ERROR] basehttp : "POST /login_action/ HTTP/1.1" 500 94852
[2020-12-03 15:57:19,577] [ERROR] basehttp : "POST /login_action/ HTTP/1.1" 500 94852
[2020-12-03 21:58:04,887] [INFO] basehttp : "GET / HTTP/1.1" 200 1471
[2020-12-03 21:58:04,887] [INFO] basehttp : "GET / HTTP/1.1" 200 1471
[2020-12-03 21:58:10,442] [ERROR] exception : Internal Server Error: /login_action/
Traceback (most recent call last):
  File "E:\pyhton39-32\lib\site-packages\django\contrib\sessions\backends\base.py", line 202, in _get_session
    return self._session_cache
AttributeError: 'SessionStore' object has no attribute '_session_cache'

During handling of the above exception, another exception occurred:

Traceback (most recent call last):
  File "E:\pyhton39-32\lib\site-packages\django\core\handlers\exception.py", line 41, in inner
    response = get_response(request)
  File "E:\pyhton39-32\lib\site-packages\django\core\handlers\base.py", line 187, in _get_response
    response = self.process_exception_by_middleware(e, request)
  File "E:\pyhton39-32\lib\site-packages\django\core\handlers\base.py", line 185, in _get_response
    response = wrapped_callback(request, *callback_args, **callback_kwargs)
  File "D:\Django项目\guest\sign\views.py", line 31, in login_action
    auth.login(request, user) # 验证登录
  File "E:\pyhton39-32\lib\site-packages\django\contrib\auth\__init__.py", line 131, in login
    if SESSION_KEY in request.session:
  File "E:\pyhton39-32\lib\site-packages\django\contrib\sessions\backends\base.py", line 54, in __contains__
    return key in self._session
  File "E:\pyhton39-32\lib\site-packages\django\contrib\sessions\backends\base.py", line 207, in _get_session
    self._session_cache = self.load()
  File "E:\pyhton39-32\lib\site-packages\django\contrib\sessions\backends\db.py", line 37, in load
    return self.decode(s.session_data)
  File "E:\pyhton39-32\lib\site-packages\django\contrib\sessions\backends\base.py", line 103, in decode
    encoded_data = base64.b64decode(force_bytes(session_data))
  File "E:\pyhton39-32\lib\base64.py", line 87, in b64decode
    return binascii.a2b_base64(s)
binascii.Error: Incorrect padding
[2020-12-03 21:58:10,442] [ERROR] exception : Internal Server Error: /login_action/
Traceback (most recent call last):
  File "E:\pyhton39-32\lib\site-packages\django\contrib\sessions\backends\base.py", line 202, in _get_session
    return self._session_cache
AttributeError: 'SessionStore' object has no attribute '_session_cache'

During handling of the above exception, another exception occurred:

Traceback (most recent call last):
  File "E:\pyhton39-32\lib\site-packages\django\core\handlers\exception.py", line 41, in inner
    response = get_response(request)
  File "E:\pyhton39-32\lib\site-packages\django\core\handlers\base.py", line 187, in _get_response
    response = self.process_exception_by_middleware(e, request)
  File "E:\pyhton39-32\lib\site-packages\django\core\handlers\base.py", line 185, in _get_response
    response = wrapped_callback(request, *callback_args, **callback_kwargs)
  File "D:\Django项目\guest\sign\views.py", line 31, in login_action
    auth.login(request, user) # 验证登录
  File "E:\pyhton39-32\lib\site-packages\django\contrib\auth\__init__.py", line 131, in login
    if SESSION_KEY in request.session:
  File "E:\pyhton39-32\lib\site-packages\django\contrib\sessions\backends\base.py", line 54, in __contains__
    return key in self._session
  File "E:\pyhton39-32\lib\site-packages\django\contrib\sessions\backends\base.py", line 207, in _get_session
    self._session_cache = self.load()
  File "E:\pyhton39-32\lib\site-packages\django\contrib\sessions\backends\db.py", line 37, in load
    return self.decode(s.session_data)
  File "E:\pyhton39-32\lib\site-packages\django\contrib\sessions\backends\base.py", line 103, in decode
    encoded_data = base64.b64decode(force_bytes(session_data))
  File "E:\pyhton39-32\lib\base64.py", line 87, in b64decode
    return binascii.a2b_base64(s)
binascii.Error: Incorrect padding
[2020-12-03 21:58:10,514] [ERROR] basehttp : "POST /login_action/ HTTP/1.1" 500 94840
[2020-12-03 21:58:10,514] [ERROR] basehttp : "POST /login_action/ HTTP/1.1" 500 94840
[2020-12-03 22:06:22,712] [ERROR] exception : Internal Server Error: /event_manage/
Traceback (most recent call last):
  File "E:\pyhton39-32\lib\site-packages\django\contrib\sessions\backends\base.py", line 202, in _get_session
    return self._session_cache
AttributeError: 'SessionStore' object has no attribute '_session_cache'

During handling of the above exception, another exception occurred:

Traceback (most recent call last):
  File "E:\pyhton39-32\lib\site-packages\django\core\handlers\exception.py", line 41, in inner
    response = get_response(request)
  File "E:\pyhton39-32\lib\site-packages\django\core\handlers\base.py", line 187, in _get_response
    response = self.process_exception_by_middleware(e, request)
  File "E:\pyhton39-32\lib\site-packages\django\core\handlers\base.py", line 185, in _get_response
    response = wrapped_callback(request, *callback_args, **callback_kwargs)
  File "E:\pyhton39-32\lib\site-packages\django\contrib\auth\decorators.py", line 22, in _wrapped_view
    if test_func(request.user):
  File "E:\pyhton39-32\lib\site-packages\django\contrib\auth\decorators.py", line 46, in <lambda>
    lambda u: u.is_authenticated,
  File "E:\pyhton39-32\lib\site-packages\django\utils\functional.py", line 238, in inner
    self._setup()
  File "E:\pyhton39-32\lib\site-packages\django\utils\functional.py", line 386, in _setup
    self._wrapped = self._setupfunc()
  File "E:\pyhton39-32\lib\site-packages\django\contrib\auth\middleware.py", line 24, in <lambda>
    request.user = SimpleLazyObject(lambda: get_user(request))
  File "E:\pyhton39-32\lib\site-packages\django\contrib\auth\middleware.py", line 12, in get_user
    request._cached_user = auth.get_user(request)
  File "E:\pyhton39-32\lib\site-packages\django\contrib\auth\__init__.py", line 211, in get_user
    user_id = _get_user_session_key(request)
  File "E:\pyhton39-32\lib\site-packages\django\contrib\auth\__init__.py", line 61, in _get_user_session_key
    return get_user_model()._meta.pk.to_python(request.session[SESSION_KEY])
  File "E:\pyhton39-32\lib\site-packages\django\contrib\sessions\backends\base.py", line 57, in __getitem__
    return self._session[key]
  File "E:\pyhton39-32\lib\site-packages\django\contrib\sessions\backends\base.py", line 207, in _get_session
    self._session_cache = self.load()
  File "E:\pyhton39-32\lib\site-packages\django\contrib\sessions\backends\db.py", line 37, in load
    return self.decode(s.session_data)
  File "E:\pyhton39-32\lib\site-packages\django\contrib\sessions\backends\base.py", line 103, in decode
    encoded_data = base64.b64decode(force_bytes(session_data))
  File "E:\pyhton39-32\lib\base64.py", line 87, in b64decode
    return binascii.a2b_base64(s)
binascii.Error: Incorrect padding
[2020-12-03 22:06:22,712] [ERROR] exception : Internal Server Error: /event_manage/
Traceback (most recent call last):
  File "E:\pyhton39-32\lib\site-packages\django\contrib\sessions\backends\base.py", line 202, in _get_session
    return self._session_cache
AttributeError: 'SessionStore' object has no attribute '_session_cache'

During handling of the above exception, another exception occurred:

Traceback (most recent call last):
  File "E:\pyhton39-32\lib\site-packages\django\core\handlers\exception.py", line 41, in inner
    response = get_response(request)
  File "E:\pyhton39-32\lib\site-packages\django\core\handlers\base.py", line 187, in _get_response
    response = self.process_exception_by_middleware(e, request)
  File "E:\pyhton39-32\lib\site-packages\django\core\handlers\base.py", line 185, in _get_response
    response = wrapped_callback(request, *callback_args, **callback_kwargs)
  File "E:\pyhton39-32\lib\site-packages\django\contrib\auth\decorators.py", line 22, in _wrapped_view
    if test_func(request.user):
  File "E:\pyhton39-32\lib\site-packages\django\contrib\auth\decorators.py", line 46, in <lambda>
    lambda u: u.is_authenticated,
  File "E:\pyhton39-32\lib\site-packages\django\utils\functional.py", line 238, in inner
    self._setup()
  File "E:\pyhton39-32\lib\site-packages\django\utils\functional.py", line 386, in _setup
    self._wrapped = self._setupfunc()
  File "E:\pyhton39-32\lib\site-packages\django\contrib\auth\middleware.py", line 24, in <lambda>
    request.user = SimpleLazyObject(lambda: get_user(request))
  File "E:\pyhton39-32\lib\site-packages\django\contrib\auth\middleware.py", line 12, in get_user
    request._cached_user = auth.get_user(request)
  File "E:\pyhton39-32\lib\site-packages\django\contrib\auth\__init__.py", line 211, in get_user
    user_id = _get_user_session_key(request)
  File "E:\pyhton39-32\lib\site-packages\django\contrib\auth\__init__.py", line 61, in _get_user_session_key
    return get_user_model()._meta.pk.to_python(request.session[SESSION_KEY])
  File "E:\pyhton39-32\lib\site-packages\django\contrib\sessions\backends\base.py", line 57, in __getitem__
    return self._session[key]
  File "E:\pyhton39-32\lib\site-packages\django\contrib\sessions\backends\base.py", line 207, in _get_session
    self._session_cache = self.load()
  File "E:\pyhton39-32\lib\site-packages\django\contrib\sessions\backends\db.py", line 37, in load
    return self.decode(s.session_data)
  File "E:\pyhton39-32\lib\site-packages\django\contrib\sessions\backends\base.py", line 103, in decode
    encoded_data = base64.b64decode(force_bytes(session_data))
  File "E:\pyhton39-32\lib\base64.py", line 87, in b64decode
    return binascii.a2b_base64(s)
binascii.Error: Incorrect padding
[2020-12-03 22:06:22,759] [ERROR] basehttp : "GET /event_manage/ HTTP/1.1" 500 115769
[2020-12-03 22:06:22,759] [ERROR] basehttp : "GET /event_manage/ HTTP/1.1" 500 115769
[2020-12-03 22:06:29,307] [ERROR] exception : Internal Server Error: /login_action/
Traceback (most recent call last):
  File "E:\pyhton39-32\lib\site-packages\django\contrib\sessions\backends\base.py", line 202, in _get_session
    return self._session_cache
AttributeError: 'SessionStore' object has no attribute '_session_cache'

During handling of the above exception, another exception occurred:

Traceback (most recent call last):
  File "E:\pyhton39-32\lib\site-packages\django\core\handlers\exception.py", line 41, in inner
    response = get_response(request)
  File "E:\pyhton39-32\lib\site-packages\django\core\handlers\base.py", line 187, in _get_response
    response = self.process_exception_by_middleware(e, request)
  File "E:\pyhton39-32\lib\site-packages\django\core\handlers\base.py", line 185, in _get_response
    response = wrapped_callback(request, *callback_args, **callback_kwargs)
  File "D:\Django项目\guest\sign\views.py", line 31, in login_action
    auth.login(request, user) # 验证登录
  File "E:\pyhton39-32\lib\site-packages\django\contrib\auth\__init__.py", line 131, in login
    if SESSION_KEY in request.session:
  File "E:\pyhton39-32\lib\site-packages\django\contrib\sessions\backends\base.py", line 54, in __contains__
    return key in self._session
  File "E:\pyhton39-32\lib\site-packages\django\contrib\sessions\backends\base.py", line 207, in _get_session
    self._session_cache = self.load()
  File "E:\pyhton39-32\lib\site-packages\django\contrib\sessions\backends\db.py", line 37, in load
    return self.decode(s.session_data)
  File "E:\pyhton39-32\lib\site-packages\django\contrib\sessions\backends\base.py", line 103, in decode
    encoded_data = base64.b64decode(force_bytes(session_data))
  File "E:\pyhton39-32\lib\base64.py", line 87, in b64decode
    return binascii.a2b_base64(s)
binascii.Error: Incorrect padding
[2020-12-03 22:06:29,307] [ERROR] exception : Internal Server Error: /login_action/
Traceback (most recent call last):
  File "E:\pyhton39-32\lib\site-packages\django\contrib\sessions\backends\base.py", line 202, in _get_session
    return self._session_cache
AttributeError: 'SessionStore' object has no attribute '_session_cache'

During handling of the above exception, another exception occurred:

Traceback (most recent call last):
  File "E:\pyhton39-32\lib\site-packages\django\core\handlers\exception.py", line 41, in inner
    response = get_response(request)
  File "E:\pyhton39-32\lib\site-packages\django\core\handlers\base.py", line 187, in _get_response
    response = self.process_exception_by_middleware(e, request)
  File "E:\pyhton39-32\lib\site-packages\django\core\handlers\base.py", line 185, in _get_response
    response = wrapped_callback(request, *callback_args, **callback_kwargs)
  File "D:\Django项目\guest\sign\views.py", line 31, in login_action
    auth.login(request, user) # 验证登录
  File "E:\pyhton39-32\lib\site-packages\django\contrib\auth\__init__.py", line 131, in login
    if SESSION_KEY in request.session:
  File "E:\pyhton39-32\lib\site-packages\django\contrib\sessions\backends\base.py", line 54, in __contains__
    return key in self._session
  File "E:\pyhton39-32\lib\site-packages\django\contrib\sessions\backends\base.py", line 207, in _get_session
    self._session_cache = self.load()
  File "E:\pyhton39-32\lib\site-packages\django\contrib\sessions\backends\db.py", line 37, in load
    return self.decode(s.session_data)
  File "E:\pyhton39-32\lib\site-packages\django\contrib\sessions\backends\base.py", line 103, in decode
    encoded_data = base64.b64decode(force_bytes(session_data))
  File "E:\pyhton39-32\lib\base64.py", line 87, in b64decode
    return binascii.a2b_base64(s)
binascii.Error: Incorrect padding
[2020-12-03 22:06:29,353] [ERROR] basehttp : "POST /login_action/ HTTP/1.1" 500 94839
[2020-12-03 22:06:29,353] [ERROR] basehttp : "POST /login_action/ HTTP/1.1" 500 94839
[2020-12-03 22:12:58,496] [INFO] autoreload : Watching for file changes with StatReloader
[2020-12-03 22:12:58,496] [INFO] autoreload : Watching for file changes with StatReloader
[2020-12-03 22:13:07,223] [INFO] basehttp : "POST /login_action/ HTTP/1.1" 302 0
[2020-12-03 22:13:07,223] [INFO] basehttp : "POST /login_action/ HTTP/1.1" 302 0
[2020-12-03 22:13:07,257] [INFO] basehttp : "GET /event_manage/ HTTP/1.1" 200 3952
[2020-12-03 22:13:07,257] [INFO] basehttp : "GET /event_manage/ HTTP/1.1" 200 3952
[2020-12-03 22:13:08,995] [INFO] basehttp : "GET /sign_index/1/ HTTP/1.1" 200 2782
[2020-12-03 22:13:08,995] [INFO] basehttp : "GET /sign_index/1/ HTTP/1.1" 200 2782
[2020-12-03 22:13:11,227] [INFO] basehttp : "GET /event_manage/ HTTP/1.1" 200 3952
[2020-12-03 22:13:11,227] [INFO] basehttp : "GET /event_manage/ HTTP/1.1" 200 3952
[2020-12-03 22:13:11,787] [INFO] basehttp : "GET /event_manage/ HTTP/1.1" 200 3952
[2020-12-03 22:13:11,787] [INFO] basehttp : "GET /event_manage/ HTTP/1.1" 200 3952
[2020-12-03 22:13:13,737] [INFO] basehttp : "GET /event_manage/ HTTP/1.1" 200 3952
[2020-12-03 22:13:13,737] [INFO] basehttp : "GET /event_manage/ HTTP/1.1" 200 3952
[2020-12-03 22:13:14,380] [INFO] basehttp : "GET /guest_manage/ HTTP/1.1" 200 3971
[2020-12-03 22:13:14,380] [INFO] basehttp : "GET /guest_manage/ HTTP/1.1" 200 3971
[2020-12-03 22:21:33,278] [INFO] basehttp : "GET /guest_manage/?page=2 HTTP/1.1" 200 3697
[2020-12-03 22:21:33,278] [INFO] basehttp : "GET /guest_manage/?page=2 HTTP/1.1" 200 3697
[2020-12-03 22:21:35,598] [INFO] basehttp : "GET /guest_manage/?page=1 HTTP/1.1" 200 3971
[2020-12-03 22:21:35,598] [INFO] basehttp : "GET /guest_manage/?page=1 HTTP/1.1" 200 3971
[2020-12-03 22:21:37,274] [INFO] basehttp : "GET /guest_manage/?page=2 HTTP/1.1" 200 3697
[2020-12-03 22:21:37,274] [INFO] basehttp : "GET /guest_manage/?page=2 HTTP/1.1" 200 3697
[2020-12-03 22:21:38,221] [INFO] basehttp : "GET /guest_manage/?page=1 HTTP/1.1" 200 3971
[2020-12-03 22:21:38,221] [INFO] basehttp : "GET /guest_manage/?page=1 HTTP/1.1" 200 3971
[2020-12-04 00:18:18,914] [INFO] autoreload : E:\pyhton39-32\Lib\site-packages\django\shortcuts.py changed, reloading.
[2020-12-04 00:18:18,914] [INFO] autoreload : E:\pyhton39-32\Lib\site-packages\django\shortcuts.py changed, reloading.
[2020-12-04 14:57:31,291] [INFO] autoreload : Watching for file changes with StatReloader
[2020-12-04 14:57:31,291] [INFO] autoreload : Watching for file changes with StatReloader
[2020-12-04 15:09:43,602] [INFO] basehttp : "GET /event_manage/ HTTP/1.1" 200 3952
[2020-12-04 15:09:43,602] [INFO] basehttp : "GET /event_manage/ HTTP/1.1" 200 3952
[2020-12-04 15:09:44,432] [INFO] basehttp : "GET /event_manage/ HTTP/1.1" 200 3952
[2020-12-04 15:09:44,432] [INFO] basehttp : "GET /event_manage/ HTTP/1.1" 200 3952
[2020-12-04 15:09:46,781] [INFO] basehttp : "GET /guest_manage/ HTTP/1.1" 200 3971
[2020-12-04 15:09:46,781] [INFO] basehttp : "GET /guest_manage/ HTTP/1.1" 200 3971
[2020-12-04 15:09:47,360] [INFO] basehttp : "GET /event_manage/ HTTP/1.1" 200 3952
[2020-12-04 15:09:47,360] [INFO] basehttp : "GET /event_manage/ HTTP/1.1" 200 3952
[2020-12-04 15:09:47,889] [INFO] basehttp : "GET /guest_manage/ HTTP/1.1" 200 3971
[2020-12-04 15:09:47,889] [INFO] basehttp : "GET /guest_manage/ HTTP/1.1" 200 3971
[2020-12-04 15:09:48,244] [INFO] basehttp : "GET /event_manage/ HTTP/1.1" 200 3952
[2020-12-04 15:09:48,244] [INFO] basehttp : "GET /event_manage/ HTTP/1.1" 200 3952
[2020-12-04 15:09:48,561] [INFO] basehttp : "GET /guest_manage/ HTTP/1.1" 200 3971
[2020-12-04 15:09:48,561] [INFO] basehttp : "GET /guest_manage/ HTTP/1.1" 200 3971
[2020-12-04 15:09:48,845] [INFO] basehttp : "GET /event_manage/ HTTP/1.1" 200 3952
[2020-12-04 15:09:48,845] [INFO] basehttp : "GET /event_manage/ HTTP/1.1" 200 3952
[2020-12-04 15:09:49,230] [INFO] basehttp : "GET /guest_manage/ HTTP/1.1" 200 3971
[2020-12-04 15:09:49,230] [INFO] basehttp : "GET /guest_manage/ HTTP/1.1" 200 3971
[2020-12-04 15:09:49,611] [INFO] basehttp : "GET /event_manage/ HTTP/1.1" 200 3952
[2020-12-04 15:09:49,611] [INFO] basehttp : "GET /event_manage/ HTTP/1.1" 200 3952
[2020-12-04 15:09:49,996] [INFO] basehttp : "GET /guest_manage/ HTTP/1.1" 200 3971
[2020-12-04 15:09:49,996] [INFO] basehttp : "GET /guest_manage/ HTTP/1.1" 200 3971
[2020-12-04 15:09:50,300] [INFO] basehttp : "GET /event_manage/ HTTP/1.1" 200 3952
[2020-12-04 15:09:50,300] [INFO] basehttp : "GET /event_manage/ HTTP/1.1" 200 3952
[2020-12-04 15:09:50,586] [INFO] basehttp : "GET /guest_manage/ HTTP/1.1" 200 3971
[2020-12-04 15:09:50,586] [INFO] basehttp : "GET /guest_manage/ HTTP/1.1" 200 3971
[2020-12-04 15:09:50,843] [INFO] basehttp : "GET /event_manage/ HTTP/1.1" 200 3952
[2020-12-04 15:09:50,843] [INFO] basehttp : "GET /event_manage/ HTTP/1.1" 200 3952
[2020-12-04 15:09:51,116] [INFO] basehttp : "GET /guest_manage/ HTTP/1.1" 200 3971
[2020-12-04 15:09:51,116] [INFO] basehttp : "GET /guest_manage/ HTTP/1.1" 200 3971
[2020-12-04 15:09:51,974] [INFO] basehttp : "GET /event_manage/ HTTP/1.1" 200 3952
[2020-12-04 15:09:51,974] [INFO] basehttp : "GET /event_manage/ HTTP/1.1" 200 3952
[2020-12-04 15:09:52,301] [INFO] basehttp : "GET /guest_manage/ HTTP/1.1" 200 3971
[2020-12-04 15:09:52,301] [INFO] basehttp : "GET /guest_manage/ HTTP/1.1" 200 3971
[2020-12-04 15:09:52,602] [INFO] basehttp : "GET /event_manage/ HTTP/1.1" 200 3952
[2020-12-04 15:09:52,602] [INFO] basehttp : "GET /event_manage/ HTTP/1.1" 200 3952
[2020-12-04 15:09:52,905] [INFO] basehttp : "GET /guest_manage/ HTTP/1.1" 200 3971
[2020-12-04 15:09:52,905] [INFO] basehttp : "GET /guest_manage/ HTTP/1.1" 200 3971
[2020-12-04 15:09:53,159] [INFO] basehttp : "GET /event_manage/ HTTP/1.1" 200 3952
[2020-12-04 15:09:53,159] [INFO] basehttp : "GET /event_manage/ HTTP/1.1" 200 3952
[2020-12-04 15:09:53,482] [INFO] basehttp : "GET /guest_manage/ HTTP/1.1" 200 3971
[2020-12-04 15:09:53,482] [INFO] basehttp : "GET /guest_manage/ HTTP/1.1" 200 3971
[2020-12-04 15:09:54,436] [INFO] basehttp : "GET /event_manage/ HTTP/1.1" 200 3952
[2020-12-04 15:09:54,436] [INFO] basehttp : "GET /event_manage/ HTTP/1.1" 200 3952
[2020-12-04 15:09:54,727] [INFO] basehttp : "GET /guest_manage/ HTTP/1.1" 200 3971
[2020-12-04 15:09:54,727] [INFO] basehttp : "GET /guest_manage/ HTTP/1.1" 200 3971
[2020-12-04 15:09:55,095] [INFO] basehttp : "GET /guest_manage/ HTTP/1.1" 200 3971
[2020-12-04 15:09:55,095] [INFO] basehttp : "GET /guest_manage/ HTTP/1.1" 200 3971
[2020-12-04 15:09:55,666] [INFO] basehttp : "GET /event_manage/ HTTP/1.1" 200 3952
[2020-12-04 15:09:55,666] [INFO] basehttp : "GET /event_manage/ HTTP/1.1" 200 3952
[2020-12-04 15:09:57,059] [INFO] basehttp : "GET /guest_manage/ HTTP/1.1" 200 3971
[2020-12-04 15:09:57,059] [INFO] basehttp : "GET /guest_manage/ HTTP/1.1" 200 3971
[2020-12-04 15:09:57,362] [INFO] basehttp : "GET /event_manage/ HTTP/1.1" 200 3952
[2020-12-04 15:09:57,362] [INFO] basehttp : "GET /event_manage/ HTTP/1.1" 200 3952
[2020-12-04 15:09:57,953] [INFO] basehttp : "GET /guest_manage/ HTTP/1.1" 200 3971
[2020-12-04 15:09:57,953] [INFO] basehttp : "GET /guest_manage/ HTTP/1.1" 200 3971
[2020-12-04 15:09:58,352] [INFO] basehttp : "GET /event_manage/ HTTP/1.1" 200 3952
[2020-12-04 15:09:58,352] [INFO] basehttp : "GET /event_manage/ HTTP/1.1" 200 3952
[2020-12-04 15:09:58,850] [INFO] basehttp : "GET /guest_manage/ HTTP/1.1" 200 3971
[2020-12-04 15:09:58,850] [INFO] basehttp : "GET /guest_manage/ HTTP/1.1" 200 3971
[2020-12-04 15:09:59,247] [INFO] basehttp : "GET /event_manage/ HTTP/1.1" 200 3952
[2020-12-04 15:09:59,247] [INFO] basehttp : "GET /event_manage/ HTTP/1.1" 200 3952
[2020-12-04 15:09:59,951] [INFO] basehttp : "GET /guest_manage/ HTTP/1.1" 200 3971
[2020-12-04 15:09:59,951] [INFO] basehttp : "GET /guest_manage/ HTTP/1.1" 200 3971
[2020-12-06 10:16:48,934] [INFO] autoreload : Watching for file changes with StatReloader
[2020-12-06 10:16:48,934] [INFO] autoreload : Watching for file changes with StatReloader
[2020-12-06 10:17:00,753] [INFO] basehttp : "GET / HTTP/1.1" 200 1471
[2020-12-06 10:17:00,753] [INFO] basehttp : "GET / HTTP/1.1" 200 1471
[2020-12-06 10:17:08,166] [INFO] basehttp : "POST /login_action/ HTTP/1.1" 200 1498
[2020-12-06 10:17:08,166] [INFO] basehttp : "POST /login_action/ HTTP/1.1" 200 1498
[2020-12-06 10:17:13,586] [INFO] basehttp : "POST /login_action/ HTTP/1.1" 302 0
[2020-12-06 10:17:13,586] [INFO] basehttp : "POST /login_action/ HTTP/1.1" 302 0
[2020-12-06 10:17:13,624] [INFO] basehttp : "GET /event_manage/ HTTP/1.1" 200 3952
[2020-12-06 10:17:13,624] [INFO] basehttp : "GET /event_manage/ HTTP/1.1" 200 3952
[2020-12-06 10:17:18,842] [INFO] basehttp : "GET /guest_manage/ HTTP/1.1" 200 3971
[2020-12-06 10:17:18,842] [INFO] basehttp : "GET /guest_manage/ HTTP/1.1" 200 3971
[2020-12-06 10:17:19,601] [INFO] basehttp : "GET /event_manage/ HTTP/1.1" 200 3952
[2020-12-06 10:17:19,601] [INFO] basehttp : "GET /event_manage/ HTTP/1.1" 200 3952
[2020-12-06 10:17:20,482] [INFO] basehttp : "GET /sign_index/1/ HTTP/1.1" 200 2782
[2020-12-06 10:17:20,482] [INFO] basehttp : "GET /sign_index/1/ HTTP/1.1" 200 2782
[2020-12-06 10:17:22,196] [INFO] basehttp : "GET /event_manage/ HTTP/1.1" 200 3952
[2020-12-06 10:17:22,196] [INFO] basehttp : "GET /event_manage/ HTTP/1.1" 200 3952
[2020-12-06 10:17:23,221] [INFO] basehttp : "GET /guest_manage/ HTTP/1.1" 200 3971
[2020-12-06 10:17:23,221] [INFO] basehttp : "GET /guest_manage/ HTTP/1.1" 200 3971
[2020-12-12 19:17:50,999] [INFO] autoreload : Watching for file changes with StatReloader
[2020-12-12 19:17:50,999] [INFO] autoreload : Watching for file changes with StatReloader
[2020-12-12 19:17:51,933] [INFO] basehttp : "GET / HTTP/1.1" 200 1471
[2020-12-12 19:17:51,933] [INFO] basehttp : "GET / HTTP/1.1" 200 1471
[2020-12-12 19:17:52,086] [WARNING] basehttp : "GET /favicon.ico HTTP/1.1" 404 3410
[2020-12-12 19:17:52,086] [WARNING] basehttp : "GET /favicon.ico HTTP/1.1" 404 3410
[2020-12-12 19:17:52,087] [ERROR] basehttp : "GET /favicon.ico HTTP/1.1" 500 59
[2020-12-12 19:17:52,087] [ERROR] basehttp : "GET /favicon.ico HTTP/1.1" 500 59
[2020-12-12 19:21:28,317] [INFO] autoreload : Watching for file changes with StatReloader
[2020-12-12 19:21:28,317] [INFO] autoreload : Watching for file changes with StatReloader
[2020-12-12 19:21:28,561] [INFO] basehttp : "GET / HTTP/1.1" 200 1471
[2020-12-12 19:21:28,561] [INFO] basehttp : "GET / HTTP/1.1" 200 1471
[2020-12-12 19:21:28,685] [WARNING] basehttp : "GET /favicon.ico HTTP/1.1" 404 3410
[2020-12-12 19:21:28,685] [WARNING] basehttp : "GET /favicon.ico HTTP/1.1" 404 3410
[2020-12-12 19:21:28,686] [ERROR] basehttp : "GET /favicon.ico HTTP/1.1" 500 59
[2020-12-12 19:21:28,686] [ERROR] basehttp : "GET /favicon.ico HTTP/1.1" 500 59
[2020-12-12 19:21:50,428] [INFO] basehttp : "POST /login_action/ HTTP/1.1" 200 1498
[2020-12-12 19:21:50,428] [INFO] basehttp : "POST /login_action/ HTTP/1.1" 200 1498
[2020-12-12 19:21:50,562] [WARNING] basehttp : "GET /favicon.ico HTTP/1.1" 404 3410
[2020-12-12 19:21:50,562] [WARNING] basehttp : "GET /favicon.ico HTTP/1.1" 404 3410
[2020-12-12 19:21:50,563] [ERROR] basehttp : "GET /favicon.ico HTTP/1.1" 500 59
[2020-12-12 19:21:50,563] [ERROR] basehttp : "GET /favicon.ico HTTP/1.1" 500 59
[2020-12-12 19:21:56,628] [INFO] basehttp : "POST /login_action/ HTTP/1.1" 200 1498
[2020-12-12 19:21:56,628] [INFO] basehttp : "POST /login_action/ HTTP/1.1" 200 1498
[2020-12-12 19:21:56,711] [WARNING] basehttp : "GET /favicon.ico HTTP/1.1" 404 3410
[2020-12-12 19:21:56,711] [WARNING] basehttp : "GET /favicon.ico HTTP/1.1" 404 3410
[2020-12-12 19:21:56,712] [ERROR] basehttp : "GET /favicon.ico HTTP/1.1" 500 59
[2020-12-12 19:21:56,712] [ERROR] basehttp : "GET /favicon.ico HTTP/1.1" 500 59
[2020-12-12 19:22:02,615] [INFO] basehttp : "POST /login_action/ HTTP/1.1" 200 1498
[2020-12-12 19:22:02,615] [INFO] basehttp : "POST /login_action/ HTTP/1.1" 200 1498
[2020-12-12 19:22:02,700] [WARNING] basehttp : "GET /favicon.ico HTTP/1.1" 404 3410
[2020-12-12 19:22:02,700] [WARNING] basehttp : "GET /favicon.ico HTTP/1.1" 404 3410
[2020-12-12 19:22:02,701] [ERROR] basehttp : "GET /favicon.ico HTTP/1.1" 500 59
[2020-12-12 19:22:02,701] [ERROR] basehttp : "GET /favicon.ico HTTP/1.1" 500 59
[2020-12-12 19:22:12,431] [INFO] basehttp : "POST /login_action/ HTTP/1.1" 302 0
[2020-12-12 19:22:12,431] [INFO] basehttp : "POST /login_action/ HTTP/1.1" 302 0
[2020-12-12 19:22:12,450] [INFO] basehttp : "GET /event_manage/ HTTP/1.1" 200 3952
[2020-12-12 19:22:12,450] [INFO] basehttp : "GET /event_manage/ HTTP/1.1" 200 3952
[2020-12-12 19:22:12,600] [WARNING] basehttp : "GET /favicon.ico HTTP/1.1" 404 3410
[2020-12-12 19:22:12,600] [WARNING] basehttp : "GET /favicon.ico HTTP/1.1" 404 3410
[2020-12-12 19:22:12,601] [ERROR] basehttp : "GET /favicon.ico HTTP/1.1" 500 59
[2020-12-12 19:22:12,601] [ERROR] basehttp : "GET /favicon.ico HTTP/1.1" 500 59
[2020-12-12 19:23:04,447] [INFO] basehttp : "GET /sign_index/1/ HTTP/1.1" 200 2782
[2020-12-12 19:23:04,447] [INFO] basehttp : "GET /sign_index/1/ HTTP/1.1" 200 2782
[2020-12-12 19:23:06,834] [INFO] basehttp : "GET /event_manage/ HTTP/1.1" 200 3952
[2020-12-12 19:23:06,834] [INFO] basehttp : "GET /event_manage/ HTTP/1.1" 200 3952
[2020-12-12 19:23:07,683] [INFO] basehttp : "GET /sign_index2/1/ HTTP/1.1" 200 1531
[2020-12-12 19:23:07,683] [INFO] basehttp : "GET /sign_index2/1/ HTTP/1.1" 200 1531
[2020-12-12 19:23:07,705] [WARNING] basehttp : "GET /static/css/draw_results.css HTTP/1.1" 404 1686
[2020-12-12 19:23:07,705] [WARNING] basehttp : "GET /static/css/draw_results.css HTTP/1.1" 404 1686
[2020-12-12 19:23:07,707] [WARNING] basehttp : "GET /static/js/jquery-1.10.2.min.js HTTP/1.1" 404 1695
[2020-12-12 19:23:07,707] [WARNING] basehttp : "GET /static/js/jquery-1.10.2.min.js HTTP/1.1" 404 1695
[2020-12-12 19:23:07,711] [WARNING] basehttp : "GET /static/js/conference_sign.js HTTP/1.1" 404 1689
[2020-12-12 19:23:07,711] [WARNING] basehttp : "GET /static/js/conference_sign.js HTTP/1.1" 404 1689
[2020-12-12 19:23:07,720] [WARNING] basehttp : "GET /static/image/favicon.ico HTTP/1.1" 404 1677
[2020-12-12 19:23:07,720] [WARNING] basehttp : "GET /static/image/favicon.ico HTTP/1.1" 404 1677
[2020-12-13 00:58:22,974] [INFO] autoreload : Watching for file changes with StatReloader
[2020-12-13 00:58:22,974] [INFO] autoreload : Watching for file changes with StatReloader
[2020-12-13 00:58:23,239] [INFO] basehttp : "GET / HTTP/1.1" 200 1471
[2020-12-13 00:58:23,239] [INFO] basehttp : "GET / HTTP/1.1" 200 1471
[2020-12-13 00:58:23,441] [WARNING] basehttp : "GET /favicon.ico HTTP/1.1" 404 3410
[2020-12-13 00:58:23,441] [WARNING] basehttp : "GET /favicon.ico HTTP/1.1" 404 3410
[2020-12-13 00:58:23,442] [ERROR] basehttp : "GET /favicon.ico HTTP/1.1" 500 59
[2020-12-13 00:58:23,442] [ERROR] basehttp : "GET /favicon.ico HTTP/1.1" 500 59
[2020-12-13 01:47:21,600] [INFO] autoreload : D:\Django项目\guest\sign\migrations\0001_initial.py changed, reloading.
[2020-12-13 01:47:21,600] [INFO] autoreload : D:\Django项目\guest\sign\migrations\0001_initial.py changed, reloading.
[2020-12-13 01:47:21,908] [INFO] autoreload : D:\Django项目\guest\sign\migrations\0001_initial.py changed, reloading.
[2020-12-13 01:47:21,908] [INFO] autoreload : D:\Django项目\guest\sign\migrations\0001_initial.py changed, reloading.
[2020-12-13 01:47:21,907] [INFO] autoreload : D:\Django项目\guest\sign\migrations\0001_initial.py changed, reloading.
[2020-12-13 01:47:21,907] [INFO] autoreload : D:\Django项目\guest\sign\migrations\0001_initial.py changed, reloading.
[2020-12-13 01:47:22,567] [INFO] autoreload : Watching for file changes with StatReloader
[2020-12-13 01:47:22,567] [INFO] autoreload : Watching for file changes with StatReloader
[2020-12-13 01:47:22,920] [INFO] autoreload : Watching for file changes with StatReloader
[2020-12-13 01:47:22,920] [INFO] autoreload : Watching for file changes with StatReloader
[2020-12-13 01:47:22,920] [INFO] autoreload : Watching for file changes with StatReloader
[2020-12-13 01:47:22,920] [INFO] autoreload : Watching for file changes with StatReloader
[2020-12-13 01:58:59,248] [INFO] autoreload : D:\Django项目\guest\sign\models.py changed, reloading.
[2020-12-13 01:58:59,248] [INFO] autoreload : D:\Django项目\guest\sign\models.py changed, reloading.
[2020-12-13 01:58:59,308] [INFO] autoreload : D:\Django项目\guest\sign\models.py changed, reloading.
[2020-12-13 01:58:59,308] [INFO] autoreload : D:\Django项目\guest\sign\models.py changed, reloading.
[2020-12-13 01:58:59,431] [INFO] autoreload : D:\Django项目\guest\sign\models.py changed, reloading.
[2020-12-13 01:58:59,431] [INFO] autoreload : D:\Django项目\guest\sign\models.py changed, reloading.
[2020-12-13 01:59:00,158] [INFO] autoreload : Watching for file changes with StatReloader
[2020-12-13 01:59:00,158] [INFO] autoreload : Watching for file changes with StatReloader
[2020-12-13 01:59:00,191] [INFO] autoreload : Watching for file changes with StatReloader
[2020-12-13 01:59:00,191] [INFO] autoreload : Watching for file changes with StatReloader
[2020-12-13 01:59:00,347] [INFO] autoreload : Watching for file changes with StatReloader
[2020-12-13 01:59:00,347] [INFO] autoreload : Watching for file changes with StatReloader
[2020-12-13 02:16:56,327] [INFO] autoreload : Watching for file changes with StatReloader
[2020-12-13 02:16:56,327] [INFO] autoreload : Watching for file changes with StatReloader
[2020-12-13 02:16:57,468] [INFO] basehttp : "GET / HTTP/1.1" 200 1471
[2020-12-13 02:16:57,468] [INFO] basehttp : "GET / HTTP/1.1" 200 1471
[2020-12-13 02:16:57,662] [WARNING] basehttp : "GET /favicon.ico HTTP/1.1" 404 3410
[2020-12-13 02:16:57,662] [WARNING] basehttp : "GET /favicon.ico HTTP/1.1" 404 3410
[2020-12-13 02:17:03,220] [INFO] basehttp : "POST /login_action/ HTTP/1.1" 302 0
[2020-12-13 02:17:03,220] [INFO] basehttp : "POST /login_action/ HTTP/1.1" 302 0
[2020-12-13 02:17:03,233] [INFO] basehttp : "GET /event_manage/ HTTP/1.1" 200 3976
[2020-12-13 02:17:03,233] [INFO] basehttp : "GET /event_manage/ HTTP/1.1" 200 3976
[2020-12-13 02:17:03,358] [WARNING] basehttp : "GET /favicon.ico HTTP/1.1" 404 3410
[2020-12-13 02:17:03,358] [WARNING] basehttp : "GET /favicon.ico HTTP/1.1" 404 3410
[2020-12-13 02:17:03,359] [ERROR] basehttp : "GET /favicon.ico HTTP/1.1" 500 59
[2020-12-13 02:17:03,359] [ERROR] basehttp : "GET /favicon.ico HTTP/1.1" 500 59
[2020-12-13 02:17:05,856] [INFO] basehttp : "GET /sign_index/1/ HTTP/1.1" 200 2782
[2020-12-13 02:17:05,856] [INFO] basehttp : "GET /sign_index/1/ HTTP/1.1" 200 2782
[2020-12-13 02:17:06,803] [INFO] basehttp : "GET /guest_manage/ HTTP/1.1" 200 3982
[2020-12-13 02:17:06,803] [INFO] basehttp : "GET /guest_manage/ HTTP/1.1" 200 3982
[2020-12-13 02:17:07,607] [INFO] basehttp : "GET /event_manage/ HTTP/1.1" 200 3976
[2020-12-13 02:17:07,607] [INFO] basehttp : "GET /event_manage/ HTTP/1.1" 200 3976
[2020-12-13 02:17:07,653] [WARNING] basehttp : "GET /favicon.ico HTTP/1.1" 404 3410
[2020-12-13 02:17:07,653] [WARNING] basehttp : "GET /favicon.ico HTTP/1.1" 404 3410
[2020-12-13 02:17:07,654] [ERROR] basehttp : "GET /favicon.ico HTTP/1.1" 500 59
[2020-12-13 02:17:07,654] [ERROR] basehttp : "GET /favicon.ico HTTP/1.1" 500 59
[2020-12-13 02:23:02,504] [INFO] basehttp : "GET /admin HTTP/1.1" 301 0
[2020-12-13 02:23:02,504] [INFO] basehttp : "GET /admin HTTP/1.1" 301 0
[2020-12-13 02:23:02,540] [INFO] basehttp : "GET /admin/ HTTP/1.1" 200 5800
[2020-12-13 02:23:02,540] [INFO] basehttp : "GET /admin/ HTTP/1.1" 200 5800
[2020-12-13 02:23:02,566] [INFO] basehttp : "GET /static/admin/css/base.css HTTP/1.1" 200 16307
[2020-12-13 02:23:02,566] [INFO] basehttp : "GET /static/admin/css/base.css HTTP/1.1" 200 16307
[2020-12-13 02:23:02,570] [INFO] basehttp : "GET /static/admin/css/nav_sidebar.css HTTP/1.1" 200 2138
[2020-12-13 02:23:02,570] [INFO] basehttp : "GET /static/admin/css/nav_sidebar.css HTTP/1.1" 200 2138
[2020-12-13 02:23:02,571] [INFO] basehttp : "GET /static/admin/js/nav_sidebar.js HTTP/1.1" 200 1360
[2020-12-13 02:23:02,571] [INFO] basehttp : "GET /static/admin/js/nav_sidebar.js HTTP/1.1" 200 1360
[2020-12-13 02:23:02,576] [INFO] basehttp : "GET /static/admin/css/fonts.css HTTP/1.1" 200 423
[2020-12-13 02:23:02,576] [INFO] basehttp : "GET /static/admin/css/fonts.css HTTP/1.1" 200 423
[2020-12-13 02:23:02,578] [INFO] basehttp : "GET /static/admin/css/responsive.css HTTP/1.1" 200 18339
[2020-12-13 02:23:02,578] [INFO] basehttp : "GET /static/admin/css/dashboard.css HTTP/1.1" 200 380
[2020-12-13 02:23:02,578] [INFO] basehttp : "GET /static/admin/css/responsive.css HTTP/1.1" 200 18339
[2020-12-13 02:23:02,578] [INFO] basehttp : "GET /static/admin/css/dashboard.css HTTP/1.1" 200 380
[2020-12-13 02:23:02,589] [INFO] basehttp : "GET /static/admin/img/icon-addlink.svg HTTP/1.1" 200 331
[2020-12-13 02:23:02,589] [INFO] basehttp : "GET /static/admin/img/icon-addlink.svg HTTP/1.1" 200 331
[2020-12-13 02:23:02,591] [INFO] basehttp : "GET /static/admin/fonts/Roboto-Regular-webfont.woff HTTP/1.1" 200 85876
[2020-12-13 02:23:02,591] [INFO] basehttp : "GET /static/admin/fonts/Roboto-Regular-webfont.woff HTTP/1.1" 200 85876
[2020-12-13 02:23:02,593] [INFO] basehttp : "GET /static/admin/fonts/Roboto-Light-webfont.woff HTTP/1.1" 200 85692
[2020-12-13 02:23:02,593] [INFO] basehttp : "GET /static/admin/fonts/Roboto-Light-webfont.woff HTTP/1.1" 200 85692
[2020-12-13 02:23:02,596] [INFO] basehttp : "GET /static/admin/img/icon-changelink.svg HTTP/1.1" 200 380
[2020-12-13 02:23:02,596] [INFO] basehttp : "GET /static/admin/img/icon-changelink.svg HTTP/1.1" 200 380
[2020-12-13 02:23:02,602] [INFO] basehttp : "GET /static/admin/fonts/Roboto-Bold-webfont.woff HTTP/1.1" 200 86184
[2020-12-13 02:23:02,602] [INFO] basehttp : "GET /static/admin/fonts/Roboto-Bold-webfont.woff HTTP/1.1" 200 86184
[2020-12-13 02:23:06,711] [INFO] basehttp : "GET /admin/sign/event/ HTTP/1.1" 200 8048
[2020-12-13 02:23:06,711] [INFO] basehttp : "GET /admin/sign/event/ HTTP/1.1" 200 8048
[2020-12-13 02:23:06,735] [INFO] basehttp : "GET /static/admin/js/core.js HTTP/1.1" 200 5418
[2020-12-13 02:23:06,735] [INFO] basehttp : "GET /static/admin/js/core.js HTTP/1.1" 200 5418
[2020-12-13 02:23:06,739] [INFO] basehttp : "GET /static/admin/js/jquery.init.js HTTP/1.1" 200 347
[2020-12-13 02:23:06,739] [INFO] basehttp : "GET /static/admin/js/jquery.init.js HTTP/1.1" 200 347
[2020-12-13 02:23:06,740] [INFO] basehttp : "GET /static/admin/css/changelists.css HTTP/1.1" 200 6281
[2020-12-13 02:23:06,740] [INFO] basehttp : "GET /static/admin/css/changelists.css HTTP/1.1" 200 6281
[2020-12-13 02:23:06,743] [INFO] basehttp : "GET /static/admin/js/vendor/jquery/jquery.js HTTP/1.1" 200 287630
[2020-12-13 02:23:06,743] [INFO] basehttp : "GET /static/admin/js/vendor/jquery/jquery.js HTTP/1.1" 200 287630
[2020-12-13 02:23:06,746] [INFO] basehttp : "GET /static/admin/js/actions.js HTTP/1.1" 200 6783
[2020-12-13 02:23:06,746] [INFO] basehttp : "GET /static/admin/js/actions.js HTTP/1.1" 200 6783
[2020-12-13 02:23:06,746] [INFO] basehttp : "GET /static/admin/js/prepopulate.js HTTP/1.1" 200 1531
[2020-12-13 02:23:06,746] [INFO] basehttp : "GET /static/admin/js/prepopulate.js HTTP/1.1" 200 1531
[2020-12-13 02:23:06,746] [INFO] basehttp : "GET /static/admin/js/urlify.js HTTP/1.1" 200 8632
[2020-12-13 02:23:06,746] [INFO] basehttp : "GET /static/admin/js/urlify.js HTTP/1.1" 200 8632
[2020-12-13 02:23:06,763] [INFO] basehttp : "GET /admin/jsi18n/ HTTP/1.1" 200 3187
[2020-12-13 02:23:06,763] [INFO] basehttp : "GET /admin/jsi18n/ HTTP/1.1" 200 3187
[2020-12-13 02:23:06,770] [INFO] basehttp : "GET /static/admin/js/vendor/xregexp/xregexp.js HTTP/1.1" 200 232381
[2020-12-13 02:23:06,770] [INFO] basehttp : "GET /static/admin/js/vendor/xregexp/xregexp.js HTTP/1.1" 200 232381
[2020-12-13 02:23:06,784] [INFO] basehttp : "GET /static/admin/js/admin/RelatedObjectLookups.js HTTP/1.1" 200 6078
[2020-12-13 02:23:06,784] [INFO] basehttp : "GET /static/admin/js/admin/RelatedObjectLookups.js HTTP/1.1" 200 6078
[2020-12-13 02:23:06,786] [INFO] basehttp : "GET /static/admin/img/icon-yes.svg HTTP/1.1" 200 436
[2020-12-13 02:23:06,786] [INFO] basehttp : "GET /static/admin/img/icon-yes.svg HTTP/1.1" 200 436
[2020-12-13 02:23:06,787] [INFO] basehttp : "GET /static/admin/img/search.svg HTTP/1.1" 200 458
[2020-12-13 02:23:06,787] [INFO] basehttp : "GET /static/admin/img/search.svg HTTP/1.1" 200 458
[2020-12-13 02:23:06,810] [INFO] basehttp : "GET /static/admin/img/tooltag-add.svg HTTP/1.1" 200 331
[2020-12-13 02:23:06,810] [INFO] basehttp : "GET /static/admin/img/tooltag-add.svg HTTP/1.1" 200 331
[2020-12-13 02:23:11,721] [INFO] basehttp : "GET /admin/ HTTP/1.1" 200 5800
[2020-12-13 02:23:11,721] [INFO] basehttp : "GET /admin/ HTTP/1.1" 200 5800
[2020-12-13 02:23:12,729] [INFO] basehttp : "GET /admin/auth/group/ HTTP/1.1" 200 5520
[2020-12-13 02:23:12,729] [INFO] basehttp : "GET /admin/auth/group/ HTTP/1.1" 200 5520
[2020-12-13 02:23:12,755] [INFO] basehttp : "GET /admin/jsi18n/ HTTP/1.1" 200 3187
[2020-12-13 02:23:12,755] [INFO] basehttp : "GET /admin/jsi18n/ HTTP/1.1" 200 3187
[2020-12-13 02:23:12,850] [WARNING] basehttp : "GET /favicon.ico HTTP/1.1" 404 3410
[2020-12-13 02:23:12,850] [WARNING] basehttp : "GET /favicon.ico HTTP/1.1" 404 3410
[2020-12-13 02:23:12,851] [ERROR] basehttp : "GET /favicon.ico HTTP/1.1" 500 59
[2020-12-13 02:23:12,851] [ERROR] basehttp : "GET /favicon.ico HTTP/1.1" 500 59
[2020-12-13 02:23:14,372] [INFO] basehttp : "GET /admin/ HTTP/1.1" 200 5800
[2020-12-13 02:23:14,372] [INFO] basehttp : "GET /admin/ HTTP/1.1" 200 5800
[2020-12-13 02:23:15,529] [INFO] basehttp : "GET /admin/sign/guest/ HTTP/1.1" 200 9106
[2020-12-13 02:23:15,529] [INFO] basehttp : "GET /admin/sign/guest/ HTTP/1.1" 200 9106
[2020-12-13 02:23:15,550] [INFO] basehttp : "GET /admin/jsi18n/ HTTP/1.1" 200 3187
[2020-12-13 02:23:15,550] [INFO] basehttp : "GET /admin/jsi18n/ HTTP/1.1" 200 3187
[2020-12-13 02:23:15,555] [INFO] basehttp : "GET /static/admin/img/icon-no.svg HTTP/1.1" 200 560
[2020-12-13 02:23:15,555] [INFO] basehttp : "GET /static/admin/img/icon-no.svg HTTP/1.1" 200 560
[2020-12-13 02:27:35,576] [INFO] autoreload : D:\Django项目\guest\guest\settings.py changed, reloading.
[2020-12-13 02:27:35,576] [INFO] autoreload : D:\Django项目\guest\guest\settings.py changed, reloading.
[2020-12-13 02:27:35,609] [INFO] autoreload : D:\Django项目\guest\guest\settings.py changed, reloading.
[2020-12-13 02:27:35,609] [INFO] autoreload : D:\Django项目\guest\guest\settings.py changed, reloading.
[2020-12-13 02:27:35,620] [INFO] autoreload : D:\Django项目\guest\guest\settings.py changed, reloading.
[2020-12-13 02:27:35,620] [INFO] autoreload : D:\Django项目\guest\guest\settings.py changed, reloading.
[2020-12-13 02:27:35,942] [INFO] autoreload : D:\Django项目\guest\guest\settings.py changed, reloading.
[2020-12-13 02:27:35,942] [INFO] autoreload : D:\Django项目\guest\guest\settings.py changed, reloading.
[2020-12-13 02:27:36,561] [INFO] autoreload : Watching for file changes with StatReloader
[2020-12-13 02:27:36,561] [INFO] autoreload : Watching for file changes with StatReloader
[2020-12-13 02:27:36,577] [INFO] autoreload : Watching for file changes with StatReloader
[2020-12-13 02:27:36,577] [INFO] autoreload : Watching for file changes with StatReloader
[2020-12-13 02:27:36,587] [INFO] autoreload : Watching for file changes with StatReloader
[2020-12-13 02:27:36,587] [INFO] autoreload : Watching for file changes with StatReloader
[2020-12-13 02:27:36,911] [INFO] autoreload : Watching for file changes with StatReloader
[2020-12-13 02:27:36,911] [INFO] autoreload : Watching for file changes with StatReloader
[2020-12-13 02:29:56,699] [INFO] autoreload : D:\Django项目\guest\guest\settings.py changed, reloading.
[2020-12-13 02:29:56,699] [INFO] autoreload : D:\Django项目\guest\guest\settings.py changed, reloading.
[2020-12-13 02:29:56,826] [INFO] autoreload : D:\Django项目\guest\guest\settings.py changed, reloading.
[2020-12-13 02:29:56,826] [INFO] autoreload : D:\Django项目\guest\guest\settings.py changed, reloading.
[2020-12-13 02:29:56,839] [INFO] autoreload : D:\Django项目\guest\guest\settings.py changed, reloading.
[2020-12-13 02:29:56,839] [INFO] autoreload : D:\Django项目\guest\guest\settings.py changed, reloading.
[2020-12-13 02:29:57,542] [INFO] autoreload : D:\Django项目\guest\guest\settings.py changed, reloading.
[2020-12-13 02:29:57,542] [INFO] autoreload : D:\Django项目\guest\guest\settings.py changed, reloading.
[2020-12-13 02:29:57,839] [INFO] autoreload : Watching for file changes with StatReloader
[2020-12-13 02:29:57,839] [INFO] autoreload : Watching for file changes with StatReloader
[2020-12-13 02:29:57,995] [INFO] autoreload : Watching for file changes with StatReloader
[2020-12-13 02:29:57,995] [INFO] autoreload : Watching for file changes with StatReloader
[2020-12-13 02:29:57,998] [INFO] autoreload : Watching for file changes with StatReloader
[2020-12-13 02:29:57,998] [INFO] autoreload : Watching for file changes with StatReloader
[2020-12-13 02:29:58,723] [INFO] autoreload : Watching for file changes with StatReloader
[2020-12-13 02:29:58,723] [INFO] autoreload : Watching for file changes with StatReloader
[2020-12-13 02:40:12,244] [INFO] autoreload : D:\Django项目\guest\sign\views.py changed, reloading.
[2020-12-13 02:40:12,244] [INFO] autoreload : D:\Django项目\guest\sign\views.py changed, reloading.
[2020-12-13 02:40:12,397] [INFO] autoreload : D:\Django项目\guest\sign\views.py changed, reloading.
[2020-12-13 02:40:12,397] [INFO] autoreload : D:\Django项目\guest\sign\views.py changed, reloading.
[2020-12-13 02:40:12,451] [INFO] autoreload : D:\Django项目\guest\sign\views.py changed, reloading.
[2020-12-13 02:40:12,451] [INFO] autoreload : D:\Django项目\guest\sign\views.py changed, reloading.
[2020-12-13 02:40:12,891] [INFO] autoreload : D:\Django项目\guest\sign\views.py changed, reloading.
[2020-12-13 02:40:12,891] [INFO] autoreload : D:\Django项目\guest\sign\views.py changed, reloading.
[2020-12-13 02:40:13,222] [INFO] autoreload : Watching for file changes with StatReloader
[2020-12-13 02:40:13,222] [INFO] autoreload : Watching for file changes with StatReloader
[2020-12-13 02:40:13,338] [INFO] autoreload : Watching for file changes with StatReloader
[2020-12-13 02:40:13,338] [INFO] autoreload : Watching for file changes with StatReloader
[2020-12-13 02:40:13,464] [INFO] autoreload : Watching for file changes with StatReloader
[2020-12-13 02:40:13,464] [INFO] autoreload : Watching for file changes with StatReloader
[2020-12-13 02:40:13,819] [INFO] autoreload : Watching for file changes with StatReloader
[2020-12-13 02:40:13,819] [INFO] autoreload : Watching for file changes with StatReloader
[2020-12-13 02:41:15,626] [INFO] autoreload : D:\Django项目\guest\sign\views.py changed, reloading.
[2020-12-13 02:41:15,626] [INFO] autoreload : D:\Django项目\guest\sign\views.py changed, reloading.
[2020-12-13 02:41:15,747] [INFO] autoreload : D:\Django项目\guest\sign\views.py changed, reloading.
[2020-12-13 02:41:15,747] [INFO] autoreload : D:\Django项目\guest\sign\views.py changed, reloading.
[2020-12-13 02:41:15,755] [INFO] autoreload : D:\Django项目\guest\sign\views.py changed, reloading.
[2020-12-13 02:41:15,755] [INFO] autoreload : D:\Django项目\guest\sign\views.py changed, reloading.
[2020-12-13 02:41:15,836] [INFO] autoreload : D:\Django项目\guest\sign\views.py changed, reloading.
[2020-12-13 02:41:15,836] [INFO] autoreload : D:\Django项目\guest\sign\views.py changed, reloading.
[2020-12-13 02:41:16,823] [INFO] autoreload : Watching for file changes with StatReloader
[2020-12-13 02:41:16,823] [INFO] autoreload : Watching for file changes with StatReloader
[2020-12-13 02:41:16,958] [INFO] autoreload : Watching for file changes with StatReloader
[2020-12-13 02:41:16,958] [INFO] autoreload : Watching for file changes with StatReloader
[2020-12-13 02:41:16,960] [INFO] autoreload : Watching for file changes with StatReloader
[2020-12-13 02:41:16,960] [INFO] autoreload : Watching for file changes with StatReloader
[2020-12-13 02:41:17,132] [INFO] autoreload : Watching for file changes with StatReloader
[2020-12-13 02:41:17,132] [INFO] autoreload : Watching for file changes with StatReloader
[2020-12-13 10:34:02,943] [INFO] autoreload : Watching for file changes with StatReloader
[2020-12-13 10:34:02,943] [INFO] autoreload : Watching for file changes with StatReloader
[2020-12-13 10:34:03,377] [INFO] basehttp : "GET / HTTP/1.1" 200 1471
[2020-12-13 10:34:03,377] [INFO] basehttp : "GET / HTTP/1.1" 200 1471
[2020-12-13 10:34:03,540] [WARNING] basehttp : "GET /favicon.ico HTTP/1.1" 404 3410
[2020-12-13 10:34:03,540] [WARNING] basehttp : "GET /favicon.ico HTTP/1.1" 404 3410
[2020-12-13 10:34:03,541] [ERROR] basehttp : "GET /favicon.ico HTTP/1.1" 500 59
[2020-12-13 10:34:03,541] [ERROR] basehttp : "GET /favicon.ico HTTP/1.1" 500 59
[2020-12-13 10:34:08,036] [INFO] basehttp : "POST /login_action/ HTTP/1.1" 200 1498
[2020-12-13 10:34:08,036] [INFO] basehttp : "POST /login_action/ HTTP/1.1" 200 1498
[2020-12-13 10:34:14,874] [INFO] basehttp : "POST /login_action/ HTTP/1.1" 302 0
[2020-12-13 10:34:14,874] [INFO] basehttp : "POST /login_action/ HTTP/1.1" 302 0
[2020-12-13 10:34:14,887] [INFO] basehttp : "GET /event_manage/ HTTP/1.1" 200 3977
[2020-12-13 10:34:14,887] [INFO] basehttp : "GET /event_manage/ HTTP/1.1" 200 3977
[2020-12-13 10:34:28,864] [INFO] basehttp : "GET /search_name/?name=%E5%B0%8F%E7%B1%B3 HTTP/1.1" 200 3121
[2020-12-13 10:34:28,864] [INFO] basehttp : "GET /search_name/?name=%E5%B0%8F%E7%B1%B3 HTTP/1.1" 200 3121
[2020-12-13 10:34:34,500] [INFO] basehttp : "GET /search_name/?name=%E5%B0%8F%E7%B1%B3 HTTP/1.1" 200 3121
[2020-12-13 10:34:34,500] [INFO] basehttp : "GET /search_name/?name=%E5%B0%8F%E7%B1%B3 HTTP/1.1" 200 3121
[2020-12-13 10:39:09,857] [INFO] basehttp : "GET /search_name/?name=1 HTTP/1.1" 200 3131
[2020-12-13 10:39:09,857] [INFO] basehttp : "GET /search_name/?name=1 HTTP/1.1" 200 3131
[2020-12-13 10:39:13,422] [INFO] basehttp : "GET /search_name/?name=%E7%B1%B3 HTTP/1.1" 200 3131
[2020-12-13 10:39:13,422] [INFO] basehttp : "GET /search_name/?name=%E7%B1%B3 HTTP/1.1" 200 3131
[2020-12-13 10:39:15,554] [INFO] basehttp : "GET /guest_manage/ HTTP/1.1" 200 3984
[2020-12-13 10:39:15,554] [INFO] basehttp : "GET /guest_manage/ HTTP/1.1" 200 3984
[2020-12-13 10:39:26,341] [INFO] basehttp : "GET /search_phone/?phone=180 HTTP/1.1" 200 3344
[2020-12-13 10:39:26,341] [INFO] basehttp : "GET /search_phone/?phone=180 HTTP/1.1" 200 3344
[2020-12-13 10:42:05,023] [INFO] basehttp : "GET /admin/sign/ HTTP/1.1" 200 3110
[2020-12-13 10:42:05,023] [INFO] basehttp : "GET /admin/sign/ HTTP/1.1" 200 3110
[2020-12-13 10:42:05,132] [INFO] basehttp : "GET /static/admin/css/base.css HTTP/1.1" 304 0
[2020-12-13 10:42:05,132] [INFO] basehttp : "GET /static/admin/css/base.css HTTP/1.1" 304 0
[2020-12-13 10:42:05,135] [INFO] basehttp : "GET /static/admin/css/dashboard.css HTTP/1.1" 304 0
[2020-12-13 10:42:05,135] [INFO] basehttp : "GET /static/admin/css/dashboard.css HTTP/1.1" 304 0
[2020-12-13 10:42:05,136] [INFO] basehttp : "GET /static/admin/css/nav_sidebar.css HTTP/1.1" 304 0
[2020-12-13 10:42:05,136] [INFO] basehttp : "GET /static/admin/css/nav_sidebar.css HTTP/1.1" 304 0
[2020-12-13 10:42:05,138] [INFO] basehttp : "GET /static/admin/js/nav_sidebar.js HTTP/1.1" 304 0
[2020-12-13 10:42:05,138] [INFO] basehttp : "GET /static/admin/css/responsive.css HTTP/1.1" 304 0
[2020-12-13 10:42:05,138] [INFO] basehttp : "GET /static/admin/js/nav_sidebar.js HTTP/1.1" 304 0
[2020-12-13 10:42:05,138] [INFO] basehttp : "GET /static/admin/css/responsive.css HTTP/1.1" 304 0
[2020-12-13 10:42:05,140] [INFO] basehttp : "GET /static/admin/css/fonts.css HTTP/1.1" 304 0
[2020-12-13 10:42:05,140] [INFO] basehttp : "GET /static/admin/css/fonts.css HTTP/1.1" 304 0
[2020-12-13 10:42:05,145] [INFO] basehttp : "GET /static/admin/img/icon-changelink.svg HTTP/1.1" 304 0
[2020-12-13 10:42:05,145] [INFO] basehttp : "GET /static/admin/img/icon-changelink.svg HTTP/1.1" 304 0
[2020-12-13 10:42:05,146] [INFO] basehttp : "GET /static/admin/img/icon-addlink.svg HTTP/1.1" 304 0
[2020-12-13 10:42:05,146] [INFO] basehttp : "GET /static/admin/img/icon-addlink.svg HTTP/1.1" 304 0
[2020-12-13 10:42:07,123] [INFO] basehttp : "GET /admin/sign/event/ HTTP/1.1" 200 8049
[2020-12-13 10:42:07,123] [INFO] basehttp : "GET /admin/sign/event/ HTTP/1.1" 200 8049
[2020-12-13 10:42:07,146] [INFO] basehttp : "GET /static/admin/js/vendor/jquery/jquery.js HTTP/1.1" 304 0
[2020-12-13 10:42:07,147] [INFO] basehttp : "GET /static/admin/img/icon-yes.svg HTTP/1.1" 304 0
[2020-12-13 10:42:07,147] [INFO] basehttp : "GET /static/admin/js/jquery.init.js HTTP/1.1" 304 0
[2020-12-13 10:42:07,146] [INFO] basehttp : "GET /static/admin/js/vendor/jquery/jquery.js HTTP/1.1" 304 0
[2020-12-13 10:42:07,148] [INFO] basehttp : "GET /static/admin/css/changelists.css HTTP/1.1" 304 0
[2020-12-13 10:42:07,148] [INFO] basehttp : "GET /static/admin/css/changelists.css HTTP/1.1" 304 0
[2020-12-13 10:42:07,147] [INFO] basehttp : "GET /static/admin/js/jquery.init.js HTTP/1.1" 304 0
[2020-12-13 10:42:07,147] [INFO] basehttp : "GET /static/admin/img/icon-yes.svg HTTP/1.1" 304 0
[2020-12-13 10:42:07,155] [INFO] basehttp : "GET /static/admin/js/admin/RelatedObjectLookups.js HTTP/1.1" 304 0
[2020-12-13 10:42:07,155] [INFO] basehttp : "GET /static/admin/js/admin/RelatedObjectLookups.js HTTP/1.1" 304 0
[2020-12-13 10:42:07,156] [INFO] basehttp : "GET /static/admin/js/urlify.js HTTP/1.1" 304 0
[2020-12-13 10:42:07,156] [INFO] basehttp : "GET /static/admin/js/urlify.js HTTP/1.1" 304 0
[2020-12-13 10:42:07,157] [INFO] basehttp : "GET /static/admin/js/actions.js HTTP/1.1" 304 0
[2020-12-13 10:42:07,157] [INFO] basehttp : "GET /static/admin/js/prepopulate.js HTTP/1.1" 304 0
[2020-12-13 10:42:07,157] [INFO] basehttp : "GET /static/admin/js/actions.js HTTP/1.1" 304 0
[2020-12-13 10:42:07,160] [INFO] basehttp : "GET /admin/jsi18n/ HTTP/1.1" 200 3187
[2020-12-13 10:42:07,160] [INFO] basehttp : "GET /admin/jsi18n/ HTTP/1.1" 200 3187
[2020-12-13 10:42:07,157] [INFO] basehttp : "GET /static/admin/js/prepopulate.js HTTP/1.1" 304 0
[2020-12-13 10:42:07,159] [INFO] basehttp : "GET /static/admin/js/core.js HTTP/1.1" 304 0
[2020-12-13 10:42:07,161] [INFO] basehttp : "GET /static/admin/js/vendor/xregexp/xregexp.js HTTP/1.1" 304 0
[2020-12-13 10:42:07,159] [INFO] basehttp : "GET /static/admin/js/core.js HTTP/1.1" 304 0
[2020-12-13 10:42:07,161] [INFO] basehttp : "GET /static/admin/js/vendor/xregexp/xregexp.js HTTP/1.1" 304 0
[2020-12-13 10:42:07,195] [INFO] basehttp : "GET /static/admin/img/search.svg HTTP/1.1" 304 0
[2020-12-13 10:42:07,195] [INFO] basehttp : "GET /static/admin/img/search.svg HTTP/1.1" 304 0
[2020-12-13 10:42:07,197] [INFO] basehttp : "GET /static/admin/img/tooltag-add.svg HTTP/1.1" 304 0
[2020-12-13 10:42:07,197] [INFO] basehttp : "GET /static/admin/img/tooltag-add.svg HTTP/1.1" 304 0
[2020-12-13 10:42:09,675] [INFO] basehttp : "GET /admin/sign/event/2/change/ HTTP/1.1" 200 8297
[2020-12-13 10:42:09,675] [INFO] basehttp : "GET /admin/sign/event/2/change/ HTTP/1.1" 200 8297
[2020-12-13 10:42:09,702] [INFO] basehttp : "GET /admin/jsi18n/ HTTP/1.1" 200 3187
[2020-12-13 10:42:09,702] [INFO] basehttp : "GET /admin/jsi18n/ HTTP/1.1" 200 3187
[2020-12-13 10:42:09,703] [INFO] basehttp : "GET /static/admin/css/forms.css HTTP/1.1" 200 8423
[2020-12-13 10:42:09,703] [INFO] basehttp : "GET /static/admin/css/forms.css HTTP/1.1" 200 8423
[2020-12-13 10:42:09,704] [INFO] basehttp : "GET /static/admin/js/calendar.js HTTP/1.1" 200 7788
[2020-12-13 10:42:09,704] [INFO] basehttp : "GET /static/admin/js/calendar.js HTTP/1.1" 200 7788
[2020-12-13 10:42:09,704] [INFO] basehttp : "GET /static/admin/js/prepopulate_init.js HTTP/1.1" 200 492
[2020-12-13 10:42:09,704] [INFO] basehttp : "GET /static/admin/js/prepopulate_init.js HTTP/1.1" 200 492
[2020-12-13 10:42:09,705] [INFO] basehttp : "GET /static/admin/js/admin/DateTimeShortcuts.js HTTP/1.1" 200 19750
[2020-12-13 10:42:09,705] [INFO] basehttp : "GET /static/admin/js/admin/DateTimeShortcuts.js HTTP/1.1" 200 19750
[2020-12-13 10:42:09,706] [INFO] basehttp : "GET /static/admin/js/change_form.js HTTP/1.1" 200 606
[2020-12-13 10:42:09,706] [INFO] basehttp : "GET /static/admin/js/change_form.js HTTP/1.1" 200 606
[2020-12-13 10:42:09,716] [INFO] basehttp : "GET /static/admin/css/widgets.css HTTP/1.1" 200 10592
[2020-12-13 10:42:09,716] [INFO] basehttp : "GET /static/admin/css/widgets.css HTTP/1.1" 200 10592
[2020-12-13 10:42:09,753] [INFO] basehttp : "GET /static/admin/img/icon-calendar.svg HTTP/1.1" 200 1086
[2020-12-13 10:42:09,754] [INFO] basehttp : "GET /static/admin/img/icon-clock.svg HTTP/1.1" 200 677
[2020-12-13 10:42:09,753] [INFO] basehttp : "GET /static/admin/img/icon-calendar.svg HTTP/1.1" 200 1086
[2020-12-13 10:42:09,754] [INFO] basehttp : "GET /static/admin/img/icon-clock.svg HTTP/1.1" 200 677
[2020-12-14 07:59:55,969] [INFO] autoreload : Watching for file changes with StatReloader
[2020-12-14 07:59:55,969] [INFO] autoreload : Watching for file changes with StatReloader
[2020-12-14 07:59:56,407] [INFO] basehttp : "GET / HTTP/1.1" 200 1471
[2020-12-14 07:59:56,407] [INFO] basehttp : "GET / HTTP/1.1" 200 1471
[2020-12-14 07:59:56,564] [WARNING] basehttp : "GET /favicon.ico HTTP/1.1" 404 3410
[2020-12-14 07:59:56,564] [WARNING] basehttp : "GET /favicon.ico HTTP/1.1" 404 3410
[2020-12-14 07:59:56,566] [ERROR] basehttp : "GET /favicon.ico HTTP/1.1" 500 59
[2020-12-14 07:59:56,566] [ERROR] basehttp : "GET /favicon.ico HTTP/1.1" 500 59
[2020-12-14 08:00:03,577] [INFO] basehttp : "POST /login_action/ HTTP/1.1" 302 0
[2020-12-14 08:00:03,577] [INFO] basehttp : "POST /login_action/ HTTP/1.1" 302 0
[2020-12-14 08:00:03,592] [INFO] basehttp : "GET /event_manage/ HTTP/1.1" 200 3986
[2020-12-14 08:00:03,592] [INFO] basehttp : "GET /event_manage/ HTTP/1.1" 200 3986
[2020-12-14 08:00:03,698] [WARNING] basehttp : "GET /favicon.ico HTTP/1.1" 404 3410
[2020-12-14 08:00:03,698] [WARNING] basehttp : "GET /favicon.ico HTTP/1.1" 404 3410
[2020-12-14 08:00:03,699] [ERROR] basehttp : "GET /favicon.ico HTTP/1.1" 500 59
[2020-12-14 08:00:03,699] [ERROR] basehttp : "GET /favicon.ico HTTP/1.1" 500 59
[2020-12-14 08:00:10,797] [INFO] basehttp : "GET /search_name/?name=%E5%B0%8F%E7%B1%B3 HTTP/1.1" 200 3130
[2020-12-14 08:00:10,797] [INFO] basehttp : "GET /search_name/?name=%E5%B0%8F%E7%B1%B3 HTTP/1.1" 200 3130
[2020-12-14 08:00:10,846] [WARNING] basehttp : "GET /favicon.ico HTTP/1.1" 404 3410
[2020-12-14 08:00:10,846] [WARNING] basehttp : "GET /favicon.ico HTTP/1.1" 404 3410
[2020-12-14 08:00:10,847] [ERROR] basehttp : "GET /favicon.ico HTTP/1.1" 500 59
[2020-12-14 08:00:10,847] [ERROR] basehttp : "GET /favicon.ico HTTP/1.1" 500 59
[2020-12-14 08:00:15,138] [INFO] basehttp : "GET /search_name/?name=%E5%B0%8F%E7%B1%B3 HTTP/1.1" 200 3130
[2020-12-14 08:00:15,138] [INFO] basehttp : "GET /search_name/?name=%E5%B0%8F%E7%B1%B3 HTTP/1.1" 200 3130
[2020-12-14 08:00:15,191] [WARNING] basehttp : "GET /favicon.ico HTTP/1.1" 404 3410
[2020-12-14 08:00:15,191] [WARNING] basehttp : "GET /favicon.ico HTTP/1.1" 404 3410
[2020-12-14 08:00:15,191] [ERROR] basehttp : "GET /favicon.ico HTTP/1.1" 500 59
[2020-12-14 08:00:15,191] [ERROR] basehttp : "GET /favicon.ico HTTP/1.1" 500 59
[2020-12-14 08:00:16,947] [INFO] basehttp : "GET /guest_manage/ HTTP/1.1" 200 3983
[2020-12-14 08:00:16,947] [INFO] basehttp : "GET /guest_manage/ HTTP/1.1" 200 3983
[2020-12-14 08:00:16,991] [WARNING] basehttp : "GET /favicon.ico HTTP/1.1" 404 3410
[2020-12-14 08:00:16,991] [WARNING] basehttp : "GET /favicon.ico HTTP/1.1" 404 3410
[2020-12-14 08:00:16,992] [ERROR] basehttp : "GET /favicon.ico HTTP/1.1" 500 59
[2020-12-14 08:00:16,992] [ERROR] basehttp : "GET /favicon.ico HTTP/1.1" 500 59
[2020-12-14 08:00:22,140] [INFO] basehttp : "GET /search_phone/?phone=18011001100 HTTP/1.1" 200 3343
[2020-12-14 08:00:22,140] [INFO] basehttp : "GET /search_phone/?phone=18011001100 HTTP/1.1" 200 3343
[2020-12-14 08:00:25,093] [INFO] basehttp : "GET /event_manage/ HTTP/1.1" 200 3986
[2020-12-14 08:00:25,093] [INFO] basehttp : "GET /event_manage/ HTTP/1.1" 200 3986
[2020-12-14 08:00:25,139] [WARNING] basehttp : "GET /favicon.ico HTTP/1.1" 404 3410
[2020-12-14 08:00:25,139] [WARNING] basehttp : "GET /favicon.ico HTTP/1.1" 404 3410
[2020-12-14 08:00:25,140] [ERROR] basehttp : "GET /favicon.ico HTTP/1.1" 500 59
[2020-12-14 08:00:25,140] [ERROR] basehttp : "GET /favicon.ico HTTP/1.1" 500 59
[2020-12-14 08:00:29,642] [INFO] basehttp : "GET /search_name/?name=%E5%B0%8F%E7%B1%B3%E6%89%8B%E6%9C%BA%E5%8F%91%E5%B8%83%E4%BC%9A HTTP/1.1" 200 3130
[2020-12-14 08:00:29,642] [INFO] basehttp : "GET /search_name/?name=%E5%B0%8F%E7%B1%B3%E6%89%8B%E6%9C%BA%E5%8F%91%E5%B8%83%E4%BC%9A HTTP/1.1" 200 3130
[2020-12-14 08:00:32,198] [INFO] basehttp : "GET /guest_manage/ HTTP/1.1" 200 3983
[2020-12-14 08:00:32,198] [INFO] basehttp : "GET /guest_manage/ HTTP/1.1" 200 3983
[2020-12-14 08:00:32,238] [WARNING] basehttp : "GET /favicon.ico HTTP/1.1" 404 3410
[2020-12-14 08:00:32,238] [WARNING] basehttp : "GET /favicon.ico HTTP/1.1" 404 3410
[2020-12-14 08:00:32,239] [ERROR] basehttp : "GET /favicon.ico HTTP/1.1" 500 59
[2020-12-14 08:00:32,239] [ERROR] basehttp : "GET /favicon.ico HTTP/1.1" 500 59
[2020-12-14 08:00:35,808] [INFO] basehttp : "GET /guest_manage/?page=2 HTTP/1.1" 200 3701
[2020-12-14 08:00:35,808] [INFO] basehttp : "GET /guest_manage/?page=2 HTTP/1.1" 200 3701
[2020-12-14 08:00:39,711] [INFO] basehttp : "GET /guest_manage/?page=1 HTTP/1.1" 200 3983
[2020-12-14 08:00:39,711] [INFO] basehttp : "GET /guest_manage/?page=1 HTTP/1.1" 200 3983
[2020-12-14 08:00:39,753] [WARNING] basehttp : "GET /favicon.ico HTTP/1.1" 404 3410
[2020-12-14 08:00:39,753] [WARNING] basehttp : "GET /favicon.ico HTTP/1.1" 404 3410
[2020-12-14 08:00:39,754] [ERROR] basehttp : "GET /favicon.ico HTTP/1.1" 500 59
[2020-12-14 08:00:39,754] [ERROR] basehttp : "GET /favicon.ico HTTP/1.1" 500 59
[2020-12-14 08:00:41,239] [INFO] basehttp : "GET /event_manage/ HTTP/1.1" 200 3986
[2020-12-14 08:00:41,239] [INFO] basehttp : "GET /event_manage/ HTTP/1.1" 200 3986
[2020-12-15 21:15:51,881] [INFO] autoreload : Watching for file changes with StatReloader
[2020-12-15 21:15:51,881] [INFO] autoreload : Watching for file changes with StatReloader
[2020-12-15 21:15:55,872] [INFO] basehttp : "GET / HTTP/1.1" 200 1471
[2020-12-15 21:15:55,872] [INFO] basehttp : "GET / HTTP/1.1" 200 1471
[2020-12-15 21:15:55,893] [INFO] basehttp : "GET / HTTP/1.1" 200 1471
[2020-12-15 21:15:55,893] [INFO] basehttp : "GET / HTTP/1.1" 200 1471
[2020-12-15 21:15:57,011] [WARNING] basehttp : "GET /favicon.ico HTTP/1.1" 404 3410
[2020-12-15 21:15:57,011] [WARNING] basehttp : "GET /favicon.ico HTTP/1.1" 404 3410
[2020-12-15 21:15:57,012] [ERROR] basehttp : "GET /favicon.ico HTTP/1.1" 500 59
[2020-12-15 21:15:57,012] [ERROR] basehttp : "GET /favicon.ico HTTP/1.1" 500 59
[2020-12-15 21:17:22,369] [WARNING] basehttp : "GET /api/get_event_list/?eid=1 HTTP/1.1" 404 3440
[2020-12-15 21:17:22,369] [WARNING] basehttp : "GET /api/get_event_list/?eid=1 HTTP/1.1" 404 3440
[2020-12-15 21:22:10,249] [INFO] autoreload : D:\Django项目\guest\guest\urls.py changed, reloading.
[2020-12-15 21:22:10,249] [INFO] autoreload : D:\Django项目\guest\guest\urls.py changed, reloading.
[2020-12-15 21:22:11,108] [INFO] autoreload : Watching for file changes with StatReloader
[2020-12-15 21:22:11,108] [INFO] autoreload : Watching for file changes with StatReloader
[2020-12-15 21:22:33,200] [INFO] autoreload : D:\Django项目\guest\sign\urls.py changed, reloading.
[2020-12-15 21:22:33,200] [INFO] autoreload : D:\Django项目\guest\sign\urls.py changed, reloading.
[2020-12-15 21:22:33,971] [INFO] autoreload : Watching for file changes with StatReloader
[2020-12-15 21:22:33,971] [INFO] autoreload : Watching for file changes with StatReloader
[2020-12-15 21:34:37,661] [INFO] autoreload : D:\Django项目\guest\sign\urls.py changed, reloading.
[2020-12-15 21:34:37,661] [INFO] autoreload : D:\Django项目\guest\sign\urls.py changed, reloading.
[2020-12-15 21:34:38,469] [INFO] autoreload : Watching for file changes with StatReloader
[2020-12-15 21:34:38,469] [INFO] autoreload : Watching for file changes with StatReloader
[2020-12-15 21:36:56,903] [INFO] autoreload : D:\Django项目\guest\sign\urls.py changed, reloading.
[2020-12-15 21:36:56,903] [INFO] autoreload : D:\Django项目\guest\sign\urls.py changed, reloading.
[2020-12-15 21:36:57,801] [INFO] autoreload : Watching for file changes with StatReloader
[2020-12-15 21:36:57,801] [INFO] autoreload : Watching for file changes with StatReloader
[2020-12-15 21:37:44,474] [INFO] autoreload : D:\Django项目\guest\sign\urls.py changed, reloading.
[2020-12-15 21:37:44,474] [INFO] autoreload : D:\Django项目\guest\sign\urls.py changed, reloading.
[2020-12-15 21:37:45,269] [INFO] autoreload : Watching for file changes with StatReloader
[2020-12-15 21:37:45,269] [INFO] autoreload : Watching for file changes with StatReloader
[2020-12-15 21:39:29,116] [INFO] autoreload : D:\Django项目\guest\sign\urls.py changed, reloading.
[2020-12-15 21:39:29,116] [INFO] autoreload : D:\Django项目\guest\sign\urls.py changed, reloading.
[2020-12-15 21:39:29,985] [INFO] autoreload : Watching for file changes with StatReloader
[2020-12-15 21:39:29,985] [INFO] autoreload : Watching for file changes with StatReloader
[2020-12-15 21:40:32,628] [INFO] basehttp : "GET /api/get_event_list/?eid=1 HTTP/1.1" 200 212
[2020-12-15 21:40:32,628] [INFO] basehttp : "GET /api/get_event_list/?eid=1 HTTP/1.1" 200 212
[2020-12-15 21:43:21,114] [INFO] basehttp : "POST /api/get_event_list/ HTTP/1.1" 200 47
[2020-12-15 21:43:21,114] [INFO] basehttp : "POST /api/get_event_list/ HTTP/1.1" 200 47
[2020-12-15 21:49:34,321] [INFO] basehttp : "POST /api/get_event_list/?eid=11&name=%E5%B0%8F%E7%B1%B3MAX%E5%8F%91%E5%B8%83%E4%BC%9A&limit=2000&status=1&address=%E5%8C%97%E4%BA%AC%E4%BC%9A%E5%B1%95%E4%B8%AD%E5%BF%83&=2016-12-12%2012:00:00 HTTP/1.1" 200 53
[2020-12-15 21:49:34,321] [INFO] basehttp : "POST /api/get_event_list/?eid=11&name=%E5%B0%8F%E7%B1%B3MAX%E5%8F%91%E5%B8%83%E4%BC%9A&limit=2000&status=1&address=%E5%8C%97%E4%BA%AC%E4%BC%9A%E5%B1%95%E4%B8%AD%E5%BF%83&=2016-12-12%2012:00:00 HTTP/1.1" 200 53
[2020-12-15 21:50:16,329] [INFO] basehttp : "POST /api/get_event_list/?eid=11&name=%E5%B0%8F%E7%B1%B3MAX%E5%8F%91%E5%B8%83%E4%BC%9A&limit=2000&status=1&address=%E5%8C%97%E4%BA%AC%E4%BC%9A%E5%B1%95%E4%B8%AD%E5%BF%83&start_time=2016-12-12%2012:00:00 HTTP/1.1" 200 53
[2020-12-15 21:50:16,329] [INFO] basehttp : "POST /api/get_event_list/?eid=11&name=%E5%B0%8F%E7%B1%B3MAX%E5%8F%91%E5%B8%83%E4%BC%9A&limit=2000&status=1&address=%E5%8C%97%E4%BA%AC%E4%BC%9A%E5%B1%95%E4%B8%AD%E5%BF%83&start_time=2016-12-12%2012:00:00 HTTP/1.1" 200 53
[2020-12-15 22:48:10,816] [INFO] basehttp : "POST /api/get_event_list/?eid=11&name=%E5%B0%8F%E7%B1%B3MAX%E5%8F%91%E5%B8%83%E4%BC%9A&limit=2000&status=1&address=%E5%8C%97%E4%BA%AC%E4%BC%9A%E5%B1%95%E4%B8%AD%E5%BF%83&start_time=2016-12-12%2012:00:00 HTTP/1.1" 200 53
[2020-12-15 22:48:10,816] [INFO] basehttp : "POST /api/get_event_list/?eid=11&name=%E5%B0%8F%E7%B1%B3MAX%E5%8F%91%E5%B8%83%E4%BC%9A&limit=2000&status=1&address=%E5%8C%97%E4%BA%AC%E4%BC%9A%E5%B1%95%E4%B8%AD%E5%BF%83&start_time=2016-12-12%2012:00:00 HTTP/1.1" 200 53
[2020-12-15 22:49:06,809] [INFO] basehttp : "GET /admin/ HTTP/1.1" 200 5800
[2020-12-15 22:49:06,809] [INFO] basehttp : "GET /admin/ HTTP/1.1" 200 5800
[2020-12-15 22:49:06,885] [INFO] basehttp : "GET /static/admin/css/base.css HTTP/1.1" 304 0
[2020-12-15 22:49:06,885] [INFO] basehttp : "GET /static/admin/css/base.css HTTP/1.1" 304 0
[2020-12-15 22:49:06,891] [INFO] basehttp : "GET /static/admin/css/nav_sidebar.css HTTP/1.1" 304 0
[2020-12-15 22:49:06,891] [INFO] basehttp : "GET /static/admin/css/nav_sidebar.css HTTP/1.1" 304 0
[2020-12-15 22:49:06,893] [INFO] basehttp : "GET /static/admin/js/nav_sidebar.js HTTP/1.1" 304 0
[2020-12-15 22:49:06,893] [INFO] basehttp : "GET /static/admin/js/nav_sidebar.js HTTP/1.1" 304 0
[2020-12-15 22:49:06,901] [INFO] basehttp : "GET /static/admin/css/dashboard.css HTTP/1.1" 304 0
[2020-12-15 22:49:06,901] [INFO] basehttp : "GET /static/admin/css/dashboard.css HTTP/1.1" 304 0
[2020-12-15 22:49:06,909] [INFO] basehttp : "GET /static/admin/css/responsive.css HTTP/1.1" 304 0
[2020-12-15 22:49:06,909] [INFO] basehttp : "GET /static/admin/css/responsive.css HTTP/1.1" 304 0
[2020-12-15 22:49:06,934] [INFO] basehttp : "GET /static/admin/css/fonts.css HTTP/1.1" 304 0
[2020-12-15 22:49:06,934] [INFO] basehttp : "GET /static/admin/css/fonts.css HTTP/1.1" 304 0
[2020-12-15 22:49:06,949] [INFO] basehttp : "GET /static/admin/img/icon-addlink.svg HTTP/1.1" 200 331
[2020-12-15 22:49:06,949] [INFO] basehttp : "GET /static/admin/img/icon-addlink.svg HTTP/1.1" 200 331
[2020-12-15 22:49:06,949] [INFO] basehttp : "GET /static/admin/img/icon-changelink.svg HTTP/1.1" 200 380
[2020-12-15 22:49:06,949] [INFO] basehttp : "GET /static/admin/img/icon-changelink.svg HTTP/1.1" 200 380
[2020-12-15 22:49:06,971] [INFO] basehttp : "GET /static/admin/fonts/Roboto-Light-webfont.woff HTTP/1.1" 304 0
[2020-12-15 22:49:06,971] [INFO] basehttp : "GET /static/admin/fonts/Roboto-Light-webfont.woff HTTP/1.1" 304 0
[2020-12-15 22:49:06,972] [INFO] basehttp : "GET /static/admin/fonts/Roboto-Regular-webfont.woff HTTP/1.1" 304 0
[2020-12-15 22:49:06,972] [INFO] basehttp : "GET /static/admin/fonts/Roboto-Regular-webfont.woff HTTP/1.1" 304 0
[2020-12-15 22:49:06,979] [INFO] basehttp : "GET /static/admin/fonts/Roboto-Bold-webfont.woff HTTP/1.1" 304 0
[2020-12-15 22:49:06,979] [INFO] basehttp : "GET /static/admin/fonts/Roboto-Bold-webfont.woff HTTP/1.1" 304 0
[2020-12-15 22:49:12,180] [INFO] basehttp : "GET /admin/sign/event/2/change/ HTTP/1.1" 200 8296
[2020-12-15 22:49:12,180] [INFO] basehttp : "GET /admin/sign/event/2/change/ HTTP/1.1" 200 8296
[2020-12-15 22:49:12,218] [INFO] basehttp : "GET /static/admin/css/forms.css HTTP/1.1" 304 0
[2020-12-15 22:49:12,218] [INFO] basehttp : "GET /static/admin/css/forms.css HTTP/1.1" 304 0
[2020-12-15 22:49:12,222] [INFO] basehttp : "GET /static/admin/js/change_form.js HTTP/1.1" 200 606
[2020-12-15 22:49:12,222] [INFO] basehttp : "GET /static/admin/js/change_form.js HTTP/1.1" 200 606
[2020-12-15 22:49:12,223] [INFO] basehttp : "GET /static/admin/js/vendor/jquery/jquery.js HTTP/1.1" 304 0
[2020-12-15 22:49:12,223] [INFO] basehttp : "GET /static/admin/js/vendor/jquery/jquery.js HTTP/1.1" 304 0
[2020-12-15 22:49:12,224] [INFO] basehttp : "GET /static/admin/js/jquery.init.js HTTP/1.1" 304 0
[2020-12-15 22:49:12,224] [INFO] basehttp : "GET /static/admin/js/jquery.init.js HTTP/1.1" 304 0
[2020-12-15 22:49:12,226] [INFO] basehttp : "GET /static/admin/js/admin/DateTimeShortcuts.js HTTP/1.1" 304 0
[2020-12-15 22:49:12,226] [INFO] basehttp : "GET /static/admin/js/admin/DateTimeShortcuts.js HTTP/1.1" 304 0
[2020-12-15 22:49:12,229] [INFO] basehttp : "GET /static/admin/js/core.js HTTP/1.1" 304 0
[2020-12-15 22:49:12,229] [INFO] basehttp : "GET /static/admin/js/core.js HTTP/1.1" 304 0
[2020-12-15 22:49:12,230] [INFO] basehttp : "GET /static/admin/js/admin/RelatedObjectLookups.js HTTP/1.1" 304 0
[2020-12-15 22:49:12,230] [INFO] basehttp : "GET /static/admin/js/admin/RelatedObjectLookups.js HTTP/1.1" 304 0
[2020-12-15 22:49:12,232] [INFO] basehttp : "GET /admin/jsi18n/ HTTP/1.1" 200 3187
[2020-12-15 22:49:12,232] [INFO] basehttp : "GET /admin/jsi18n/ HTTP/1.1" 200 3187
[2020-12-15 22:49:12,232] [INFO] basehttp : "GET /static/admin/js/actions.js HTTP/1.1" 304 0
[2020-12-15 22:49:12,232] [INFO] basehttp : "GET /static/admin/js/actions.js HTTP/1.1" 304 0
[2020-12-15 22:49:12,234] [INFO] basehttp : "GET /static/admin/js/urlify.js HTTP/1.1" 304 0
[2020-12-15 22:49:12,234] [INFO] basehttp : "GET /static/admin/js/urlify.js HTTP/1.1" 304 0
[2020-12-15 22:49:12,236] [INFO] basehttp : "GET /static/admin/js/prepopulate.js HTTP/1.1" 304 0
[2020-12-15 22:49:12,237] [INFO] basehttp : "GET /static/admin/js/vendor/xregexp/xregexp.js HTTP/1.1" 304 0
[2020-12-15 22:49:12,236] [INFO] basehttp : "GET /static/admin/js/prepopulate.js HTTP/1.1" 304 0
[2020-12-15 22:49:12,237] [INFO] basehttp : "GET /static/admin/js/calendar.js HTTP/1.1" 304 0
[2020-12-15 22:49:12,237] [INFO] basehttp : "GET /static/admin/js/vendor/xregexp/xregexp.js HTTP/1.1" 304 0
[2020-12-15 22:49:12,237] [INFO] basehttp : "GET /static/admin/js/prepopulate_init.js HTTP/1.1" 200 492
[2020-12-15 22:49:12,237] [INFO] basehttp : "GET /static/admin/js/calendar.js HTTP/1.1" 304 0
[2020-12-15 22:49:12,237] [INFO] basehttp : "GET /static/admin/js/prepopulate_init.js HTTP/1.1" 200 492
[2020-12-15 22:49:12,253] [INFO] basehttp : "GET /static/admin/css/widgets.css HTTP/1.1" 200 10592
[2020-12-15 22:49:12,253] [INFO] basehttp : "GET /static/admin/css/widgets.css HTTP/1.1" 200 10592
[2020-12-15 22:49:12,299] [INFO] basehttp : "GET /static/admin/img/icon-calendar.svg HTTP/1.1" 200 1086
[2020-12-15 22:49:12,299] [INFO] basehttp : "GET /static/admin/img/icon-calendar.svg HTTP/1.1" 200 1086
[2020-12-15 22:49:12,300] [INFO] basehttp : "GET /static/admin/img/icon-clock.svg HTTP/1.1" 200 677
[2020-12-15 22:49:12,300] [INFO] basehttp : "GET /static/admin/img/icon-clock.svg HTTP/1.1" 200 677
[2020-12-15 22:49:32,998] [INFO] basehttp : "GET /admin/sign/event/ HTTP/1.1" 200 8048
[2020-12-15 22:49:32,998] [INFO] basehttp : "GET /admin/sign/event/ HTTP/1.1" 200 8048
[2020-12-15 22:49:33,021] [INFO] basehttp : "GET /admin/jsi18n/ HTTP/1.1" 200 3187
[2020-12-15 22:49:33,021] [INFO] basehttp : "GET /admin/jsi18n/ HTTP/1.1" 200 3187
[2020-12-15 22:49:33,028] [INFO] basehttp : "GET /static/admin/css/changelists.css HTTP/1.1" 304 0
[2020-12-15 22:49:33,028] [INFO] basehttp : "GET /static/admin/css/changelists.css HTTP/1.1" 304 0
[2020-12-15 22:49:33,030] [INFO] basehttp : "GET /static/admin/img/search.svg HTTP/1.1" 200 458
[2020-12-15 22:49:33,030] [INFO] basehttp : "GET /static/admin/img/search.svg HTTP/1.1" 200 458
[2020-12-15 22:49:33,031] [INFO] basehttp : "GET /static/admin/img/icon-yes.svg HTTP/1.1" 200 436
[2020-12-15 22:49:33,031] [INFO] basehttp : "GET /static/admin/img/icon-yes.svg HTTP/1.1" 200 436
[2020-12-15 22:49:33,085] [INFO] basehttp : "GET /static/admin/img/tooltag-add.svg HTTP/1.1" 200 331
[2020-12-15 22:49:33,085] [INFO] basehttp : "GET /static/admin/img/tooltag-add.svg HTTP/1.1" 200 331
[2020-12-15 22:49:34,347] [INFO] basehttp : "GET /admin/sign/event/1/change/ HTTP/1.1" 200 8296
[2020-12-15 22:49:34,347] [INFO] basehttp : "GET /admin/sign/event/1/change/ HTTP/1.1" 200 8296
[2020-12-15 22:49:34,373] [INFO] basehttp : "GET /admin/jsi18n/ HTTP/1.1" 200 3187
[2020-12-15 22:49:34,373] [INFO] basehttp : "GET /admin/jsi18n/ HTTP/1.1" 200 3187
[2020-12-15 22:49:36,558] [INFO] basehttp : "GET /admin/sign/event/ HTTP/1.1" 200 8048
[2020-12-15 22:49:36,558] [INFO] basehttp : "GET /admin/sign/event/ HTTP/1.1" 200 8048
[2020-12-15 22:49:37,311] [INFO] basehttp : "GET /admin/sign/event/2/change/ HTTP/1.1" 200 8296
[2020-12-15 22:49:37,311] [INFO] basehttp : "GET /admin/sign/event/2/change/ HTTP/1.1" 200 8296
[2020-12-15 22:49:37,341] [INFO] basehttp : "GET /admin/jsi18n/ HTTP/1.1" 200 3187
[2020-12-15 22:49:37,341] [INFO] basehttp : "GET /admin/jsi18n/ HTTP/1.1" 200 3187
[2020-12-15 22:49:45,488] [INFO] basehttp : "GET /admin/sign/event/ HTTP/1.1" 200 8048
[2020-12-15 22:49:45,488] [INFO] basehttp : "GET /admin/sign/event/ HTTP/1.1" 200 8048
[2020-12-15 22:49:46,621] [INFO] basehttp : "GET /admin/sign/event/1/change/ HTTP/1.1" 200 8296
[2020-12-15 22:49:46,621] [INFO] basehttp : "GET /admin/sign/event/1/change/ HTTP/1.1" 200 8296
[2020-12-15 22:49:46,654] [INFO] basehttp : "GET /admin/jsi18n/ HTTP/1.1" 200 3187
[2020-12-15 22:49:46,654] [INFO] basehttp : "GET /admin/jsi18n/ HTTP/1.1" 200 3187
[2020-12-15 22:50:54,711] [INFO] basehttp : "POST /api/get_event_list/?eid=11&name=%E5%B0%8F%E7%B1%B3%E6%89%8B%E6%9C%BA%E5%8F%91%E5%B8%83%E4%BC%9A&limit=2000&status=1&address=12.948717948717949&start_time=2016-11-2115:25:19 HTTP/1.1" 200 53
[2020-12-15 22:50:54,711] [INFO] basehttp : "POST /api/get_event_list/?eid=11&name=%E5%B0%8F%E7%B1%B3%E6%89%8B%E6%9C%BA%E5%8F%91%E5%B8%83%E4%BC%9A&limit=2000&status=1&address=12.948717948717949&start_time=2016-11-2115:25:19 HTTP/1.1" 200 53
[2020-12-15 22:51:05,040] [INFO] basehttp : "POST /api/get_event_list/?eid=11&name=%E5%B0%8F%E7%B1%B3%E6%89%8B%E6%9C%BA%E5%8F%91%E5%B8%83%E4%BC%9A&limit=2000&status=1&start_time=2016-11-2115:25:19 HTTP/1.1" 200 53
[2020-12-15 22:51:05,040] [INFO] basehttp : "POST /api/get_event_list/?eid=11&name=%E5%B0%8F%E7%B1%B3%E6%89%8B%E6%9C%BA%E5%8F%91%E5%B8%83%E4%BC%9A&limit=2000&status=1&start_time=2016-11-2115:25:19 HTTP/1.1" 200 53
[2020-12-15 22:51:09,269] [INFO] basehttp : "POST /api/get_event_list/?eid=11&name=%E5%B0%8F%E7%B1%B3%E6%89%8B%E6%9C%BA%E5%8F%91%E5%B8%83%E4%BC%9A&limit=2000 HTTP/1.1" 200 53
[2020-12-15 22:51:09,269] [INFO] basehttp : "POST /api/get_event_list/?eid=11&name=%E5%B0%8F%E7%B1%B3%E6%89%8B%E6%9C%BA%E5%8F%91%E5%B8%83%E4%BC%9A&limit=2000 HTTP/1.1" 200 53
[2020-12-15 22:51:10,119] [INFO] basehttp : "POST /api/get_event_list/?eid=11&name=%E5%B0%8F%E7%B1%B3%E6%89%8B%E6%9C%BA%E5%8F%91%E5%B8%83%E4%BC%9A&limit=2000 HTTP/1.1" 200 53
[2020-12-15 22:51:10,119] [INFO] basehttp : "POST /api/get_event_list/?eid=11&name=%E5%B0%8F%E7%B1%B3%E6%89%8B%E6%9C%BA%E5%8F%91%E5%B8%83%E4%BC%9A&limit=2000 HTTP/1.1" 200 53
[2020-12-15 23:42:31,751] [INFO] basehttp : "POST /api/get_event_list/?eid=11&name=%E5%B0%8F%E7%B1%B3%E6%89%8B%E6%9C%BA%E5%8F%91%E5%B8%83%E4%BC%9A&limit=2000&status=1&address=12.948717948717949&start_time=2016-11-2115:25:19 HTTP/1.1" 200 53
[2020-12-15 23:42:31,751] [INFO] basehttp : "POST /api/get_event_list/?eid=11&name=%E5%B0%8F%E7%B1%B3%E6%89%8B%E6%9C%BA%E5%8F%91%E5%B8%83%E4%BC%9A&limit=2000&status=1&address=12.948717948717949&start_time=2016-11-2115:25:19 HTTP/1.1" 200 53
[2020-12-16 11:46:53,226] [INFO] basehttp : "POST /api/get_event_list/?eid=11&name=%E5%B0%8F%E7%B1%B3%E6%89%8B%E6%9C%BA%E5%8F%91%E5%B8%83%E4%BC%9A&limit=2000&status=1&address=12.948717948717949&start_time=2016-11-2115:25:19 HTTP/1.1" 200 53
[2020-12-16 11:46:53,226] [INFO] basehttp : "POST /api/get_event_list/?eid=11&name=%E5%B0%8F%E7%B1%B3%E6%89%8B%E6%9C%BA%E5%8F%91%E5%B8%83%E4%BC%9A&limit=2000&status=1&address=12.948717948717949&start_time=2016-11-2115:25:19 HTTP/1.1" 200 53
[2020-12-16 11:49:13,629] [INFO] autoreload : Watching for file changes with StatReloader
[2020-12-16 11:49:13,629] [INFO] autoreload : Watching for file changes with StatReloader
[2020-12-16 11:49:15,154] [INFO] basehttp : "GET / HTTP/1.1" 200 1471
[2020-12-16 11:49:15,154] [INFO] basehttp : "GET / HTTP/1.1" 200 1471
[2020-12-16 11:49:15,352] [WARNING] basehttp : "GET /favicon.ico HTTP/1.1" 404 3515
[2020-12-16 11:49:15,352] [WARNING] basehttp : "GET /favicon.ico HTTP/1.1" 404 3515
[2020-12-16 11:49:15,354] [ERROR] basehttp : "GET /favicon.ico HTTP/1.1" 500 59
[2020-12-16 11:49:15,354] [ERROR] basehttp : "GET /favicon.ico HTTP/1.1" 500 59
[2020-12-16 11:49:28,608] [INFO] basehttp : "POST /api/get_event_list/?eid=11&name=%E5%B0%8F%E7%B1%B3%E6%89%8B%E6%9C%BA%E5%8F%91%E5%B8%83%E4%BC%9A&limit=2000&status=1&address=12.948717948717949&start_time=2016-11-2115:25:19 HTTP/1.1" 200 53
[2020-12-16 11:49:28,608] [INFO] basehttp : "POST /api/get_event_list/?eid=11&name=%E5%B0%8F%E7%B1%B3%E6%89%8B%E6%9C%BA%E5%8F%91%E5%B8%83%E4%BC%9A&limit=2000&status=1&address=12.948717948717949&start_time=2016-11-2115:25:19 HTTP/1.1" 200 53
[2020-12-16 11:49:41,382] [INFO] basehttp : "POST /api/get_event_list/?name=%E5%B0%8F%E7%B1%B3%E6%89%8B%E6%9C%BA%E5%8F%91%E5%B8%83%E4%BC%9A HTTP/1.1" 200 214
[2020-12-16 11:49:41,382] [INFO] basehttp : "POST /api/get_event_list/?name=%E5%B0%8F%E7%B1%B3%E6%89%8B%E6%9C%BA%E5%8F%91%E5%B8%83%E4%BC%9A HTTP/1.1" 200 214
[2020-12-16 11:49:42,898] [INFO] basehttp : "POST /api/get_event_list/?name=%E5%B0%8F%E7%B1%B3%E6%89%8B%E6%9C%BA%E5%8F%91%E5%B8%83%E4%BC%9A HTTP/1.1" 200 214
[2020-12-16 11:49:42,898] [INFO] basehttp : "POST /api/get_event_list/?name=%E5%B0%8F%E7%B1%B3%E6%89%8B%E6%9C%BA%E5%8F%91%E5%B8%83%E4%BC%9A HTTP/1.1" 200 214
[2020-12-16 11:51:41,171] [INFO] basehttp : "POST /api/get_event_list/?name=%E5%B0%8F%E7%B1%B3%E6%89%8B%E6%9C%BA%E5%8F%91%E5%B8%83%E4%BC%9A HTTP/1.1" 200 214
[2020-12-16 11:51:41,171] [INFO] basehttp : "POST /api/get_event_list/?name=%E5%B0%8F%E7%B1%B3%E6%89%8B%E6%9C%BA%E5%8F%91%E5%B8%83%E4%BC%9A HTTP/1.1" 200 214
[2020-12-16 11:53:35,355] [INFO] autoreload : Watching for file changes with StatReloader
[2020-12-16 11:53:35,355] [INFO] autoreload : Watching for file changes with StatReloader
[2020-12-16 11:53:36,573] [INFO] basehttp : "GET / HTTP/1.1" 200 1471
[2020-12-16 11:53:36,573] [INFO] basehttp : "GET / HTTP/1.1" 200 1471
[2020-12-17 14:38:29,469] [INFO] autoreload : Watching for file changes with StatReloader
[2020-12-17 14:38:29,469] [INFO] autoreload : Watching for file changes with StatReloader
[2020-12-17 14:38:29,927] [INFO] basehttp : "GET / HTTP/1.1" 200 1471
[2020-12-17 14:38:29,927] [INFO] basehttp : "GET / HTTP/1.1" 200 1471
[2020-12-17 14:38:30,123] [WARNING] basehttp : "GET /favicon.ico HTTP/1.1" 404 3515
[2020-12-17 14:38:30,123] [WARNING] basehttp : "GET /favicon.ico HTTP/1.1" 404 3515
[2020-12-17 14:38:30,124] [ERROR] basehttp : "GET /favicon.ico HTTP/1.1" 500 59
[2020-12-17 14:38:30,124] [ERROR] basehttp : "GET /favicon.ico HTTP/1.1" 500 59
[2020-12-17 14:38:49,798] [INFO] autoreload : Watching for file changes with StatReloader
[2020-12-17 14:38:49,798] [INFO] autoreload : Watching for file changes with StatReloader
[2020-12-17 14:38:50,791] [INFO] basehttp : "GET / HTTP/1.1" 200 1471
[2020-12-17 14:38:50,791] [INFO] basehttp : "GET / HTTP/1.1" 200 1471
[2020-12-17 15:32:28,234] [INFO] basehttp : "GET /api/add_guest/ HTTP/1.1" 200 47
[2020-12-17 15:32:28,234] [INFO] basehttp : "GET /api/add_guest/ HTTP/1.1" 200 47
[2020-12-17 15:32:28,248] [INFO] basehttp : "POST /api/add_guest/ HTTP/1.1" 200 45
[2020-12-17 15:32:28,248] [INFO] basehttp : "POST /api/add_guest/ HTTP/1.1" 200 45
[2020-12-17 15:32:28,257] [INFO] basehttp : "POST /api/add_guest/ HTTP/1.1" 200 45
[2020-12-17 15:32:28,257] [INFO] basehttp : "POST /api/add_guest/ HTTP/1.1" 200 45
[2020-12-17 15:32:28,275] [INFO] basehttp : "POST /api/add_guest/ HTTP/1.1" 200 49
[2020-12-17 15:32:28,275] [INFO] basehttp : "POST /api/add_guest/ HTTP/1.1" 200 49
[2020-12-17 15:32:28,285] [INFO] basehttp : "POST /api/add_guest/ HTTP/1.1" 200 49
[2020-12-17 15:32:28,285] [INFO] basehttp : "POST /api/add_guest/ HTTP/1.1" 200 49
[2020-12-17 15:32:28,295] [INFO] basehttp : "POST /api/add_guest/ HTTP/1.1" 200 49
[2020-12-17 15:32:28,295] [INFO] basehttp : "POST /api/add_guest/ HTTP/1.1" 200 49
[2020-12-17 15:32:28,301] [INFO] basehttp : "POST /api/add_guest/ HTTP/1.1" 200 45
[2020-12-17 15:32:28,301] [INFO] basehttp : "POST /api/add_guest/ HTTP/1.1" 200 45
[2020-12-17 18:35:20,169] [INFO] autoreload : Watching for file changes with StatReloader
[2020-12-17 18:35:20,169] [INFO] autoreload : Watching for file changes with StatReloader
[2020-12-17 18:35:21,271] [INFO] basehttp : "GET / HTTP/1.1" 200 1471
[2020-12-17 18:35:21,271] [INFO] basehttp : "GET / HTTP/1.1" 200 1471
[2020-12-17 18:35:21,435] [WARNING] basehttp : "GET /favicon.ico HTTP/1.1" 404 3515
[2020-12-17 18:35:21,435] [WARNING] basehttp : "GET /favicon.ico HTTP/1.1" 404 3515
[2020-12-17 18:35:21,436] [ERROR] basehttp : "GET /favicon.ico HTTP/1.1" 500 59
[2020-12-17 18:35:21,436] [ERROR] basehttp : "GET /favicon.ico HTTP/1.1" 500 59
[2020-12-17 18:35:28,370] [INFO] basehttp : "POST /login_action/ HTTP/1.1" 302 0
[2020-12-17 18:35:28,370] [INFO] basehttp : "POST /login_action/ HTTP/1.1" 302 0
[2020-12-17 18:35:28,385] [INFO] basehttp : "GET /event_manage/ HTTP/1.1" 200 3986
[2020-12-17 18:35:28,385] [INFO] basehttp : "GET /event_manage/ HTTP/1.1" 200 3986
[2020-12-17 18:35:28,514] [WARNING] basehttp : "GET /favicon.ico HTTP/1.1" 404 3515
[2020-12-17 18:35:28,514] [WARNING] basehttp : "GET /favicon.ico HTTP/1.1" 404 3515
[2020-12-17 18:35:28,515] [ERROR] basehttp : "GET /favicon.ico HTTP/1.1" 500 59
[2020-12-17 18:35:28,515] [ERROR] basehttp : "GET /favicon.ico HTTP/1.1" 500 59
[2020-12-17 18:35:30,752] [INFO] basehttp : "GET /sign_index/1/ HTTP/1.1" 200 1430
[2020-12-17 18:35:30,752] [INFO] basehttp : "GET /sign_index/1/ HTTP/1.1" 200 1430
[2020-12-17 18:35:30,833] [WARNING] basehttp : "GET /favicon.ico HTTP/1.1" 404 3515
[2020-12-17 18:35:30,833] [WARNING] basehttp : "GET /favicon.ico HTTP/1.1" 404 3515
[2020-12-17 18:35:30,835] [ERROR] basehttp : "GET /favicon.ico HTTP/1.1" 500 59
[2020-12-17 18:35:30,835] [ERROR] basehttp : "GET /favicon.ico HTTP/1.1" 500 59
[2020-12-17 22:10:03,923] [INFO] autoreload : D:\Django项目\guest\sign\urls.py changed, reloading.
[2020-12-17 22:10:03,923] [INFO] autoreload : D:\Django项目\guest\sign\urls.py changed, reloading.
[2020-12-17 22:10:05,136] [INFO] autoreload : Watching for file changes with StatReloader
[2020-12-17 22:10:05,136] [INFO] autoreload : Watching for file changes with StatReloader
[2020-12-17 23:00:42,072] [INFO] autoreload : D:\Django项目\guest\sign\views_if_sec.py changed, reloading.
[2020-12-17 23:00:42,072] [INFO] autoreload : D:\Django项目\guest\sign\views_if_sec.py changed, reloading.
[2020-12-17 23:00:43,009] [INFO] autoreload : Watching for file changes with StatReloader
[2020-12-17 23:00:43,009] [INFO] autoreload : Watching for file changes with StatReloader
[2020-12-17 23:02:55,720] [INFO] autoreload : D:\Django项目\guest\sign\views_if_sec.py changed, reloading.
[2020-12-17 23:02:55,720] [INFO] autoreload : D:\Django项目\guest\sign\views_if_sec.py changed, reloading.
[2020-12-17 23:02:56,611] [INFO] autoreload : Watching for file changes with StatReloader
[2020-12-17 23:02:56,611] [INFO] autoreload : Watching for file changes with StatReloader
[2020-12-17 23:14:07,984] [INFO] autoreload : D:\Django项目\guest\sign\views_if_sec.py changed, reloading.
[2020-12-17 23:14:07,984] [INFO] autoreload : D:\Django项目\guest\sign\views_if_sec.py changed, reloading.
[2020-12-17 23:14:09,260] [INFO] autoreload : Watching for file changes with StatReloader
[2020-12-17 23:14:09,260] [INFO] autoreload : Watching for file changes with StatReloader
[2020-12-18 13:43:51,011] [INFO] autoreload : Watching for file changes with StatReloader
[2020-12-18 13:43:51,011] [INFO] autoreload : Watching for file changes with StatReloader
[2020-12-18 13:43:52,424] [INFO] basehttp : "GET / HTTP/1.1" 200 1471
[2020-12-18 13:43:52,424] [INFO] basehttp : "GET / HTTP/1.1" 200 1471
[2020-12-18 13:43:52,495] [INFO] basehttp : "GET / HTTP/1.1" 200 1471
[2020-12-18 13:43:52,495] [INFO] basehttp : "GET / HTTP/1.1" 200 1471
[2020-12-18 13:43:52,975] [WARNING] basehttp : "GET /favicon.ico HTTP/1.1" 404 3515
[2020-12-18 13:43:52,975] [WARNING] basehttp : "GET /favicon.ico HTTP/1.1" 404 3515
[2020-12-18 13:44:01,305] [INFO] basehttp : "GET /admin/ HTTP/1.1" 200 5800
[2020-12-18 13:44:01,305] [INFO] basehttp : "GET /admin/ HTTP/1.1" 200 5800
[2020-12-18 13:44:01,358] [INFO] basehttp : "GET /static/admin/css/base.css HTTP/1.1" 304 0
[2020-12-18 13:44:01,358] [INFO] basehttp : "GET /static/admin/css/base.css HTTP/1.1" 304 0
[2020-12-18 13:44:01,364] [INFO] basehttp : "GET /static/admin/css/nav_sidebar.css HTTP/1.1" 304 0
[2020-12-18 13:44:01,364] [INFO] basehttp : "GET /static/admin/css/nav_sidebar.css HTTP/1.1" 304 0
[2020-12-18 13:44:01,371] [INFO] basehttp : "GET /static/admin/css/dashboard.css HTTP/1.1" 304 0
[2020-12-18 13:44:01,372] [INFO] basehttp : "GET /static/admin/css/responsive.css HTTP/1.1" 304 0
[2020-12-18 13:44:01,371] [INFO] basehttp : "GET /static/admin/css/dashboard.css HTTP/1.1" 304 0
[2020-12-18 13:44:01,372] [INFO] basehttp : "GET /static/admin/css/responsive.css HTTP/1.1" 304 0
[2020-12-18 13:44:01,374] [INFO] basehttp : "GET /static/admin/js/nav_sidebar.js HTTP/1.1" 304 0
[2020-12-18 13:44:01,374] [INFO] basehttp : "GET /static/admin/js/nav_sidebar.js HTTP/1.1" 304 0
[2020-12-18 13:44:01,388] [INFO] basehttp : "GET /static/admin/css/fonts.css HTTP/1.1" 304 0
[2020-12-18 13:44:01,388] [INFO] basehttp : "GET /static/admin/css/fonts.css HTTP/1.1" 304 0
[2020-12-18 13:44:01,396] [INFO] basehttp : "GET /static/admin/img/icon-changelink.svg HTTP/1.1" 200 380
[2020-12-18 13:44:01,396] [INFO] basehttp : "GET /static/admin/img/icon-addlink.svg HTTP/1.1" 200 331
[2020-12-18 13:44:01,396] [INFO] basehttp : "GET /static/admin/img/icon-changelink.svg HTTP/1.1" 200 380
[2020-12-18 13:44:01,396] [INFO] basehttp : "GET /static/admin/img/icon-addlink.svg HTTP/1.1" 200 331
[2020-12-18 13:44:01,408] [INFO] basehttp : "GET /static/admin/fonts/Roboto-Regular-webfont.woff HTTP/1.1" 304 0
[2020-12-18 13:44:01,408] [INFO] basehttp : "GET /static/admin/fonts/Roboto-Regular-webfont.woff HTTP/1.1" 304 0
[2020-12-18 13:44:01,410] [INFO] basehttp : "GET /static/admin/fonts/Roboto-Light-webfont.woff HTTP/1.1" 304 0
[2020-12-18 13:44:01,410] [INFO] basehttp : "GET /static/admin/fonts/Roboto-Light-webfont.woff HTTP/1.1" 304 0
[2020-12-18 13:44:01,411] [INFO] basehttp : "GET /static/admin/fonts/Roboto-Bold-webfont.woff HTTP/1.1" 304 0
[2020-12-18 13:44:01,411] [INFO] basehttp : "GET /static/admin/fonts/Roboto-Bold-webfont.woff HTTP/1.1" 304 0
[2020-12-18 13:45:14,942] [INFO] basehttp : "GET /admin/ HTTP/1.1" 302 0
[2020-12-18 13:45:14,942] [INFO] basehttp : "GET /admin/ HTTP/1.1" 302 0
[2020-12-18 13:45:14,972] [INFO] basehttp : "GET /admin/login/?next=/admin/ HTTP/1.1" 200 2194
[2020-12-18 13:45:14,972] [INFO] basehttp : "GET /admin/login/?next=/admin/ HTTP/1.1" 200 2194
[2020-12-18 13:45:14,982] [INFO] basehttp : "GET /static/admin/css/base.css HTTP/1.1" 200 16307
[2020-12-18 13:45:14,982] [INFO] basehttp : "GET /static/admin/css/base.css HTTP/1.1" 200 16307
[2020-12-18 13:45:14,989] [INFO] basehttp : "GET /static/admin/css/nav_sidebar.css HTTP/1.1" 200 2138
[2020-12-18 13:45:14,989] [INFO] basehttp : "GET /static/admin/css/nav_sidebar.css HTTP/1.1" 200 2138
[2020-12-18 13:45:14,991] [INFO] basehttp : "GET /static/admin/js/nav_sidebar.js HTTP/1.1" 200 1360
[2020-12-18 13:45:14,991] [INFO] basehttp : "GET /static/admin/js/nav_sidebar.js HTTP/1.1" 200 1360
[2020-12-18 13:45:14,994] [INFO] basehttp : "GET /static/admin/css/responsive.css HTTP/1.1" 200 18339
[2020-12-18 13:45:14,994] [INFO] basehttp : "GET /static/admin/css/responsive.css HTTP/1.1" 200 18339
[2020-12-18 13:45:14,995] [INFO] basehttp : "GET /static/admin/css/login.css HTTP/1.1" 200 1185
[2020-12-18 13:45:14,995] [INFO] basehttp : "GET /static/admin/css/login.css HTTP/1.1" 200 1185
[2020-12-18 13:45:14,998] [INFO] basehttp : "GET /static/admin/css/fonts.css HTTP/1.1" 200 423
[2020-12-18 13:45:14,998] [INFO] basehttp : "GET /static/admin/css/fonts.css HTTP/1.1" 200 423
[2020-12-18 13:45:15,008] [INFO] basehttp : "GET /static/admin/fonts/Roboto-Regular-webfont.woff HTTP/1.1" 200 85876
[2020-12-18 13:45:15,008] [INFO] basehttp : "GET /static/admin/fonts/Roboto-Regular-webfont.woff HTTP/1.1" 200 85876
[2020-12-18 13:45:15,009] [INFO] basehttp : "GET /static/admin/fonts/Roboto-Light-webfont.woff HTTP/1.1" 200 85692
[2020-12-18 13:45:15,009] [INFO] basehttp : "GET /static/admin/fonts/Roboto-Light-webfont.woff HTTP/1.1" 200 85692
[2020-12-18 13:45:15,020] [WARNING] basehttp : "GET /favicon.ico HTTP/1.1" 404 3515
[2020-12-18 13:45:15,020] [WARNING] basehttp : "GET /favicon.ico HTTP/1.1" 404 3515
[2020-12-18 13:52:12,476] [INFO] basehttp : "GET / HTTP/1.1" 200 1471
[2020-12-18 13:52:12,476] [INFO] basehttp : "GET / HTTP/1.1" 200 1471
[2020-12-18 14:39:40,189] [INFO] basehttp : "GET / HTTP/1.1" 200 1471
[2020-12-18 14:39:40,189] [INFO] basehttp : "GET / HTTP/1.1" 200 1471
[2020-12-18 14:40:05,757] [INFO] basehttp : "GET / HTTP/1.1" 200 1471
[2020-12-18 14:40:05,757] [INFO] basehttp : "GET / HTTP/1.1" 200 1471
[2020-12-18 14:40:06,409] [WARNING] basehttp : "GET /favicon.ico HTTP/1.1" 404 3515
[2020-12-18 14:40:06,409] [WARNING] basehttp : "GET /favicon.ico HTTP/1.1" 404 3515
[2020-12-18 14:40:08,882] [INFO] basehttp : "GET / HTTP/1.1" 200 1471
[2020-12-18 14:40:08,882] [INFO] basehttp : "GET / HTTP/1.1" 200 1471
[2020-12-18 14:40:09,091] [WARNING] basehttp : "GET /favicon.ico HTTP/1.1" 404 3515
[2020-12-18 14:40:09,091] [WARNING] basehttp : "GET /favicon.ico HTTP/1.1" 404 3515
[2020-12-18 14:40:18,501] [INFO] basehttp : "GET / HTTP/1.1" 200 1471
[2020-12-18 14:40:18,501] [INFO] basehttp : "GET / HTTP/1.1" 200 1471
[2020-12-18 14:40:18,718] [WARNING] basehttp : "GET /favicon.ico HTTP/1.1" 404 3515
[2020-12-18 14:40:18,718] [WARNING] basehttp : "GET /favicon.ico HTTP/1.1" 404 3515
[2020-12-18 14:43:54,729] [INFO] basehttp : "GET / HTTP/1.1" 200 1471
[2020-12-18 14:43:54,729] [INFO] basehttp : "GET / HTTP/1.1" 200 1471
[2020-12-18 14:43:54,944] [WARNING] basehttp : "GET /favicon.ico HTTP/1.1" 404 3515
[2020-12-18 14:43:54,944] [WARNING] basehttp : "GET /favicon.ico HTTP/1.1" 404 3515
[2020-12-18 14:45:07,528] [INFO] basehttp : "GET /api/add_event/ HTTP/1.1" 200 47
[2020-12-18 14:45:07,528] [INFO] basehttp : "GET /api/add_event/ HTTP/1.1" 200 47
[2020-12-18 14:45:07,624] [WARNING] basehttp : "GET /favicon.ico HTTP/1.1" 404 3515
[2020-12-18 14:45:07,624] [WARNING] basehttp : "GET /favicon.ico HTTP/1.1" 404 3515
[2020-12-18 14:45:11,979] [WARNING] basehttp : "GET /api/add_event_list/ HTTP/1.1" 404 4359
[2020-12-18 14:45:11,979] [WARNING] basehttp : "GET /api/add_event_list/ HTTP/1.1" 404 4359
[2020-12-18 14:45:12,140] [WARNING] basehttp : "GET /favicon.ico HTTP/1.1" 404 3515
[2020-12-18 14:45:12,140] [WARNING] basehttp : "GET /favicon.ico HTTP/1.1" 404 3515
[2020-12-18 14:45:50,508] [INFO] basehttp : "GET /api/add_event/ HTTP/1.1" 200 47
[2020-12-18 14:45:50,508] [INFO] basehttp : "GET /api/add_event/ HTTP/1.1" 200 47
[2020-12-18 14:45:50,603] [WARNING] basehttp : "GET /favicon.ico HTTP/1.1" 404 3515
[2020-12-18 14:45:50,603] [WARNING] basehttp : "GET /favicon.ico HTTP/1.1" 404 3515
[2020-12-18 23:48:45,010] [WARNING] basehttp : "GET /api/add_gurst_list/ HTTP/1.1" 404 4359
[2020-12-18 23:48:45,010] [WARNING] basehttp : "GET /api/add_gurst_list/ HTTP/1.1" 404 4359
[2020-12-18 23:48:45,116] [WARNING] basehttp : "GET /favicon.ico HTTP/1.1" 404 3515
[2020-12-18 23:48:45,116] [WARNING] basehttp : "GET /favicon.ico HTTP/1.1" 404 3515
[2020-12-18 23:52:02,778] [INFO] basehttp : "GET / HTTP/1.1" 200 1471
[2020-12-18 23:52:02,778] [INFO] basehttp : "GET / HTTP/1.1" 200 1471
[2020-12-18 23:52:02,862] [WARNING] basehttp : "GET /favicon.ico HTTP/1.1" 404 3515
[2020-12-18 23:52:02,862] [WARNING] basehttp : "GET /favicon.ico HTTP/1.1" 404 3515
[2020-12-18 23:52:08,782] [INFO] basehttp : "POST /login_action/ HTTP/1.1" 302 0
[2020-12-18 23:52:08,782] [INFO] basehttp : "POST /login_action/ HTTP/1.1" 302 0
[2020-12-18 23:52:08,793] [INFO] basehttp : "GET /event_manage/ HTTP/1.1" 200 3986
[2020-12-18 23:52:08,793] [INFO] basehttp : "GET /event_manage/ HTTP/1.1" 200 3986
[2020-12-18 23:52:12,633] [INFO] basehttp : "GET /guest_manage/ HTTP/1.1" 200 3983
[2020-12-18 23:52:12,633] [INFO] basehttp : "GET /guest_manage/ HTTP/1.1" 200 3983
[2020-12-18 23:52:12,712] [WARNING] basehttp : "GET /favicon.ico HTTP/1.1" 404 3515
[2020-12-18 23:52:12,712] [WARNING] basehttp : "GET /favicon.ico HTTP/1.1" 404 3515
[2020-12-18 23:52:54,217] [INFO] basehttp : "GET /api/add_event/ HTTP/1.1" 200 47
[2020-12-18 23:52:54,217] [INFO] basehttp : "GET /api/add_event/ HTTP/1.1" 200 47
[2020-12-18 23:52:54,309] [WARNING] basehttp : "GET /favicon.ico HTTP/1.1" 404 3515
[2020-12-18 23:52:54,309] [WARNING] basehttp : "GET /favicon.ico HTTP/1.1" 404 3515
[2020-12-18 23:53:12,119] [INFO] basehttp : "GET /api/add_event/ HTTP/1.1" 200 47
[2020-12-18 23:53:12,119] [INFO] basehttp : "GET /api/add_event/ HTTP/1.1" 200 47
[2020-12-18 23:53:12,222] [WARNING] basehttp : "GET /favicon.ico HTTP/1.1" 404 3515
[2020-12-18 23:53:12,222] [WARNING] basehttp : "GET /favicon.ico HTTP/1.1" 404 3515
[2020-12-18 23:53:18,230] [INFO] basehttp : "GET /api/add_event/ HTTP/1.1" 200 47
[2020-12-18 23:53:18,230] [INFO] basehttp : "GET /api/add_event/ HTTP/1.1" 200 47
[2020-12-18 23:53:18,334] [WARNING] basehttp : "GET /favicon.ico HTTP/1.1" 404 3515
[2020-12-18 23:53:18,334] [WARNING] basehttp : "GET /favicon.ico HTTP/1.1" 404 3515
[2020-12-19 06:23:28,432] [INFO] basehttp : "GET /event_manage/ HTTP/1.1" 200 3986
[2020-12-19 06:23:28,432] [INFO] basehttp : "GET /event_manage/ HTTP/1.1" 200 3986
[2020-12-19 06:23:28,631] [WARNING] basehttp : "GET /favicon.ico HTTP/1.1" 404 3515
[2020-12-19 06:23:28,631] [WARNING] basehttp : "GET /favicon.ico HTTP/1.1" 404 3515
[2020-12-19 06:23:29,475] [INFO] basehttp : "GET /guest_manage/ HTTP/1.1" 200 3983
[2020-12-19 06:23:29,475] [INFO] basehttp : "GET /guest_manage/ HTTP/1.1" 200 3983
[2020-12-19 06:23:30,031] [INFO] basehttp : "GET /event_manage/ HTTP/1.1" 200 3986
[2020-12-19 06:23:30,031] [INFO] basehttp : "GET /event_manage/ HTTP/1.1" 200 3986
[2020-12-19 06:23:34,190] [INFO] basehttp : "GET /guest_manage/ HTTP/1.1" 200 3983
[2020-12-19 06:23:34,190] [INFO] basehttp : "GET /guest_manage/ HTTP/1.1" 200 3983
[2020-12-19 06:23:34,635] [INFO] basehttp : "GET /guest_manage/ HTTP/1.1" 200 3983
[2020-12-19 06:23:34,635] [INFO] basehttp : "GET /guest_manage/ HTTP/1.1" 200 3983
[2020-12-19 06:23:35,035] [INFO] basehttp : "GET /event_manage/ HTTP/1.1" 200 3986
[2020-12-19 06:23:35,035] [INFO] basehttp : "GET /event_manage/ HTTP/1.1" 200 3986
[2020-12-19 06:23:35,504] [INFO] basehttp : "GET /guest_manage/ HTTP/1.1" 200 3983
[2020-12-19 06:23:35,504] [INFO] basehttp : "GET /guest_manage/ HTTP/1.1" 200 3983
[2020-12-19 06:23:35,864] [INFO] basehttp : "GET /event_manage/ HTTP/1.1" 200 3986
[2020-12-19 06:23:35,864] [INFO] basehttp : "GET /event_manage/ HTTP/1.1" 200 3986
[2020-12-19 06:23:36,303] [INFO] basehttp : "GET /guest_manage/ HTTP/1.1" 200 3983
[2020-12-19 06:23:36,303] [INFO] basehttp : "GET /guest_manage/ HTTP/1.1" 200 3983
[2020-12-19 06:23:36,696] [INFO] basehttp : "GET /event_manage/ HTTP/1.1" 200 3986
[2020-12-19 06:23:36,696] [INFO] basehttp : "GET /event_manage/ HTTP/1.1" 200 3986
[2020-12-19 06:23:37,544] [INFO] basehttp : "GET /guest_manage/ HTTP/1.1" 200 3983
[2020-12-19 06:23:37,544] [INFO] basehttp : "GET /guest_manage/ HTTP/1.1" 200 3983
[2020-12-19 06:23:37,914] [INFO] basehttp : "GET /event_manage/ HTTP/1.1" 200 3986
[2020-12-19 06:23:37,914] [INFO] basehttp : "GET /event_manage/ HTTP/1.1" 200 3986
[2020-12-19 06:23:38,406] [INFO] basehttp : "GET /guest_manage/ HTTP/1.1" 200 3983
[2020-12-19 06:23:38,406] [INFO] basehttp : "GET /guest_manage/ HTTP/1.1" 200 3983
[2020-12-19 06:23:38,900] [INFO] basehttp : "GET /event_manage/ HTTP/1.1" 200 3986
[2020-12-19 06:23:38,900] [INFO] basehttp : "GET /event_manage/ HTTP/1.1" 200 3986
[2020-12-19 06:23:39,371] [INFO] basehttp : "GET /guest_manage/ HTTP/1.1" 200 3983
[2020-12-19 06:23:39,371] [INFO] basehttp : "GET /guest_manage/ HTTP/1.1" 200 3983
[2020-12-19 06:23:39,910] [INFO] basehttp : "GET /event_manage/ HTTP/1.1" 200 3986
[2020-12-19 06:23:39,910] [INFO] basehttp : "GET /event_manage/ HTTP/1.1" 200 3986
[2020-12-19 06:23:40,376] [INFO] basehttp : "GET /guest_manage/ HTTP/1.1" 200 3983
[2020-12-19 06:23:40,376] [INFO] basehttp : "GET /guest_manage/ HTTP/1.1" 200 3983
[2020-12-19 06:23:40,802] [INFO] basehttp : "GET /event_manage/ HTTP/1.1" 200 3986
[2020-12-19 06:23:40,802] [INFO] basehttp : "GET /event_manage/ HTTP/1.1" 200 3986
[2020-12-19 06:23:41,414] [INFO] basehttp : "GET /guest_manage/ HTTP/1.1" 200 3983
[2020-12-19 06:23:41,414] [INFO] basehttp : "GET /guest_manage/ HTTP/1.1" 200 3983
[2020-12-19 06:23:41,796] [INFO] basehttp : "GET /event_manage/ HTTP/1.1" 200 3986
[2020-12-19 06:23:41,796] [INFO] basehttp : "GET /event_manage/ HTTP/1.1" 200 3986
[2020-12-19 06:23:42,338] [INFO] basehttp : "GET /guest_manage/ HTTP/1.1" 200 3983
[2020-12-19 06:23:42,338] [INFO] basehttp : "GET /guest_manage/ HTTP/1.1" 200 3983
[2020-12-19 16:58:31,426] [INFO] basehttp : "GET /admin/sign/event/1/change/ HTTP/1.1" 200 8296
[2020-12-19 16:58:31,426] [INFO] basehttp : "GET /admin/sign/event/1/change/ HTTP/1.1" 200 8296
[2020-12-19 16:58:31,482] [INFO] basehttp : "GET /static/admin/js/prepopulate_init.js HTTP/1.1" 200 492
[2020-12-19 16:58:31,482] [INFO] basehttp : "GET /static/admin/js/prepopulate_init.js HTTP/1.1" 200 492
[2020-12-19 16:58:31,595] [INFO] basehttp : "GET /static/admin/css/fonts.css HTTP/1.1" 200 423
[2020-12-19 16:58:31,595] [INFO] basehttp : "GET /static/admin/css/fonts.css HTTP/1.1" 200 423
[2020-12-19 16:58:31,597] [INFO] basehttp : "GET /static/admin/css/widgets.css HTTP/1.1" 200 4096
[2020-12-19 16:58:31,597] [INFO] basehttp : "GET /static/admin/css/widgets.css HTTP/1.1" 200 4096
[2020-12-19 16:58:32,232] [INFO] basehttp : "GET /static/admin/fonts/Roboto-Regular-webfont.woff HTTP/1.1" 200 4096
[2020-12-19 16:58:32,232] [INFO] basehttp : "GET /static/admin/fonts/Roboto-Regular-webfont.woff HTTP/1.1" 200 4096
[2020-12-19 16:58:32,245] [INFO] basehttp : "GET /static/admin/fonts/Roboto-Light-webfont.woff HTTP/1.1" 200 4096
[2020-12-19 16:58:32,245] [INFO] basehttp : "GET /static/admin/fonts/Roboto-Light-webfont.woff HTTP/1.1" 200 4096
[2020-12-19 16:58:32,279] [INFO] basehttp : "GET /static/admin/fonts/Roboto-Bold-webfont.woff HTTP/1.1" 200 4096
[2020-12-19 16:58:32,279] [INFO] basehttp : "GET /static/admin/fonts/Roboto-Bold-webfont.woff HTTP/1.1" 200 4096
